[ 2020-03-16T14:05:53+08:00 ] 127.0.0.1 127.0.0.1 GET /index.php/api/occupation/getlist
[ log ] wow_game.net/index.php/api/occupation/getlist [运行时间：0.276016s][吞吐率：3.62req/s] [内存消耗：2,065.08kb] [文件加载：58]
[ info ] [ LANG ] E:\phpstudy\PHPTutorial\WWW\wow_game\thinkphp\lang\zh-cn.php
[ info ] [ ROUTE ] array (
  'type' => 'module',
  'module' => 
  array (
    0 => 'api',
    1 => 'occupation',
    2 => 'getlist',
  ),
)
[ info ] [ HEADER ] array (
  'accept-language' => 'zh-CN,zh;q=0.9',
  'accept-encoding' => 'gzip, deflate',
  'accept' => 'text/html,application/xhtml+xml,application/xml;q=0.9,image/webp,image/apng,*/*;q=0.8,application/signed-exchange;v=b3',
  'user-agent' => 'Mozilla/5.0 (Windows NT 6.1; WOW64) AppleWebKit/537.36 (KHTML, like Gecko) Chrome/79.0.3928.4 Safari/537.36',
  'upgrade-insecure-requests' => '1',
  'cache-control' => 'max-age=0',
  'connection' => 'close',
  'host' => 'wow_game.net',
)
[ info ] [ PARAM ] array (
)
[ info ] [ RUN ] app\api\controller\Occupation->getList[ E:\phpstudy\PHPTutorial\WWW\wow_game\application\api\traits\controller\Controller.php ]
[ info ] [ DB ] INIT mysql
[ info ] [ LOG ] INIT File
[ sql ] [ DB ] CONNECT:[ UseTime:0.146008s ] mysql:dbname=wow_game;host=127.0.0.1;charset=utf8
[ sql ] [ SQL ] SHOW COLUMNS FROM `wow_occupation` [ RunTime:0.028002s ]
[ sql ] [ SQL ] SELECT COUNT(*) AS tp_count FROM `wow_occupation` LIMIT 1 [ RunTime:0.000000s ]
[ sql ] [ SQL ] SELECT * FROM `wow_occupation` ORDER BY id desc LIMIT 0,20 [ RunTime:0.001000s ]

---------------------------------------------------------------
[ 2020-03-16T14:06:07+08:00 ] 127.0.0.1 127.0.0.1 GET /index.php/api/occupation/getlist/parent_id/0
[ log ] wow_game.net/index.php/api/occupation/getlist/parent_id/0 [运行时间：0.113007s][吞吐率：8.85req/s] [内存消耗：2,063.00kb] [文件加载：58]
[ info ] [ LANG ] E:\phpstudy\PHPTutorial\WWW\wow_game\thinkphp\lang\zh-cn.php
[ info ] [ ROUTE ] array (
  'type' => 'module',
  'module' => 
  array (
    0 => 'api',
    1 => 'occupation',
    2 => 'getlist',
  ),
)
[ info ] [ HEADER ] array (
  'accept-language' => 'zh-CN,zh;q=0.9',
  'accept-encoding' => 'gzip, deflate',
  'accept' => 'text/html,application/xhtml+xml,application/xml;q=0.9,image/webp,image/apng,*/*;q=0.8,application/signed-exchange;v=b3',
  'user-agent' => 'Mozilla/5.0 (Windows NT 6.1; WOW64) AppleWebKit/537.36 (KHTML, like Gecko) Chrome/79.0.3928.4 Safari/537.36',
  'upgrade-insecure-requests' => '1',
  'connection' => 'close',
  'host' => 'wow_game.net',
)
[ info ] [ PARAM ] array (
  'parent_id' => '0',
)
[ info ] [ RUN ] app\api\controller\Occupation->getList[ E:\phpstudy\PHPTutorial\WWW\wow_game\application\api\traits\controller\Controller.php ]
[ info ] [ DB ] INIT mysql
[ info ] [ LOG ] INIT File
[ sql ] [ DB ] CONNECT:[ UseTime:0.006001s ] mysql:dbname=wow_game;host=127.0.0.1;charset=utf8
[ sql ] [ SQL ] SHOW COLUMNS FROM `wow_occupation` [ RunTime:0.024001s ]
[ sql ] [ SQL ] SELECT COUNT(*) AS tp_count FROM `wow_occupation` WHERE  `parent_id` = 0 LIMIT 1 [ RunTime:0.001000s ]
[ sql ] [ SQL ] SELECT * FROM `wow_occupation` WHERE  `parent_id` = 0 ORDER BY id desc LIMIT 0,20 [ RunTime:0.001000s ]

---------------------------------------------------------------
[ 2020-03-16T14:06:17+08:00 ] 127.0.0.1 127.0.0.1 GET /index.php/api/occupation/getlist/parent_id/1
[ log ] wow_game.net/index.php/api/occupation/getlist/parent_id/1 [运行时间：0.108007s][吞吐率：9.26req/s] [内存消耗：2,063.78kb] [文件加载：58]
[ info ] [ LANG ] E:\phpstudy\PHPTutorial\WWW\wow_game\thinkphp\lang\zh-cn.php
[ info ] [ ROUTE ] array (
  'type' => 'module',
  'module' => 
  array (
    0 => 'api',
    1 => 'occupation',
    2 => 'getlist',
  ),
)
[ info ] [ HEADER ] array (
  'accept-language' => 'zh-CN,zh;q=0.9',
  'accept-encoding' => 'gzip, deflate',
  'accept' => 'text/html,application/xhtml+xml,application/xml;q=0.9,image/webp,image/apng,*/*;q=0.8,application/signed-exchange;v=b3',
  'user-agent' => 'Mozilla/5.0 (Windows NT 6.1; WOW64) AppleWebKit/537.36 (KHTML, like Gecko) Chrome/79.0.3928.4 Safari/537.36',
  'upgrade-insecure-requests' => '1',
  'connection' => 'close',
  'host' => 'wow_game.net',
)
[ info ] [ PARAM ] array (
  'parent_id' => '1',
)
[ info ] [ RUN ] app\api\controller\Occupation->getList[ E:\phpstudy\PHPTutorial\WWW\wow_game\application\api\traits\controller\Controller.php ]
[ info ] [ DB ] INIT mysql
[ info ] [ LOG ] INIT File
[ sql ] [ DB ] CONNECT:[ UseTime:0.006000s ] mysql:dbname=wow_game;host=127.0.0.1;charset=utf8
[ sql ] [ SQL ] SHOW COLUMNS FROM `wow_occupation` [ RunTime:0.025001s ]
[ sql ] [ SQL ] SELECT COUNT(*) AS tp_count FROM `wow_occupation` WHERE  `parent_id` = 1 LIMIT 1 [ RunTime:0.001000s ]
[ sql ] [ SQL ] SELECT * FROM `wow_occupation` WHERE  `parent_id` = 1 ORDER BY id desc LIMIT 0,20 [ RunTime:0.001000s ]

---------------------------------------------------------------
[ 2020-03-16T14:06:27+08:00 ] 127.0.0.1 127.0.0.1 GET /index.php/api/occupation/getlist/parent_id/0
[ log ] wow_game.net/index.php/api/occupation/getlist/parent_id/0 [运行时间：0.112006s][吞吐率：8.93req/s] [内存消耗：2,063.00kb] [文件加载：58]
[ info ] [ LANG ] E:\phpstudy\PHPTutorial\WWW\wow_game\thinkphp\lang\zh-cn.php
[ info ] [ ROUTE ] array (
  'type' => 'module',
  'module' => 
  array (
    0 => 'api',
    1 => 'occupation',
    2 => 'getlist',
  ),
)
[ info ] [ HEADER ] array (
  'accept-language' => 'zh-CN,zh;q=0.9',
  'accept-encoding' => 'gzip, deflate',
  'accept' => 'text/html,application/xhtml+xml,application/xml;q=0.9,image/webp,image/apng,*/*;q=0.8,application/signed-exchange;v=b3',
  'user-agent' => 'Mozilla/5.0 (Windows NT 6.1; WOW64) AppleWebKit/537.36 (KHTML, like Gecko) Chrome/79.0.3928.4 Safari/537.36',
  'upgrade-insecure-requests' => '1',
  'connection' => 'close',
  'host' => 'wow_game.net',
)
[ info ] [ PARAM ] array (
  'parent_id' => '0',
)
[ info ] [ RUN ] app\api\controller\Occupation->getList[ E:\phpstudy\PHPTutorial\WWW\wow_game\application\api\traits\controller\Controller.php ]
[ info ] [ DB ] INIT mysql
[ info ] [ LOG ] INIT File
[ sql ] [ DB ] CONNECT:[ UseTime:0.006000s ] mysql:dbname=wow_game;host=127.0.0.1;charset=utf8
[ sql ] [ SQL ] SHOW COLUMNS FROM `wow_occupation` [ RunTime:0.025001s ]
[ sql ] [ SQL ] SELECT COUNT(*) AS tp_count FROM `wow_occupation` WHERE  `parent_id` = 0 LIMIT 1 [ RunTime:0.001000s ]
[ sql ] [ SQL ] SELECT * FROM `wow_occupation` WHERE  `parent_id` = 0 ORDER BY id desc LIMIT 0,20 [ RunTime:0.001000s ]

---------------------------------------------------------------
[ 2020-03-16T14:25:21+08:00 ] 127.0.0.1 127.0.0.1 GET /index.php/api/user/wechatLoginMiniProgram
[ log ] wow_game.net/index.php/api/user/wechatLoginMiniProgram [运行时间：1.608092s][吞吐率：0.62req/s] [内存消耗：1,934.93kb] [文件加载：54]
[ info ] [ LANG ] E:\phpstudy\PHPTutorial\WWW\wow_game\thinkphp\lang\zh-cn.php
[ info ] [ ROUTE ] array (
  'type' => 'module',
  'module' => 
  array (
    0 => 'api',
    1 => 'user',
    2 => 'wechatLoginMiniProgram',
  ),
)
[ info ] [ HEADER ] array (
  'accept-language' => 'zh-CN,zh;q=0.9',
  'accept-encoding' => 'gzip, deflate',
  'accept' => 'text/html,application/xhtml+xml,application/xml;q=0.9,image/webp,image/apng,*/*;q=0.8,application/signed-exchange;v=b3',
  'user-agent' => 'Mozilla/5.0 (Windows NT 6.1; WOW64) AppleWebKit/537.36 (KHTML, like Gecko) Chrome/79.0.3928.4 Safari/537.36',
  'upgrade-insecure-requests' => '1',
  'connection' => 'close',
  'host' => 'wow_game.net',
)
[ info ] [ PARAM ] array (
)
[ info ] [ RUN ] app\api\controller\User->wechatLoginMiniProgram[ E:\phpstudy\PHPTutorial\WWW\wow_game\application\api\controller\User.php ]
[ info ] [ DB ] INIT mysql
[ info ] [ LOG ] INIT File

---------------------------------------------------------------
[ 2020-03-16T14:25:36+08:00 ] 127.0.0.1 127.0.0.1 GET /index.php/api/user/wechatloginminiprogram
[ log ] wow_game.net/index.php/api/user/wechatloginminiprogram [运行时间：0.161009s][吞吐率：6.21req/s] [内存消耗：1,934.93kb] [文件加载：54]
[ info ] [ LANG ] E:\phpstudy\PHPTutorial\WWW\wow_game\thinkphp\lang\zh-cn.php
[ info ] [ ROUTE ] array (
  'type' => 'module',
  'module' => 
  array (
    0 => 'api',
    1 => 'user',
    2 => 'wechatloginminiprogram',
  ),
)
[ info ] [ HEADER ] array (
  'accept-language' => 'zh-CN,zh;q=0.9',
  'accept-encoding' => 'gzip, deflate',
  'accept' => 'text/html,application/xhtml+xml,application/xml;q=0.9,image/webp,image/apng,*/*;q=0.8,application/signed-exchange;v=b3',
  'user-agent' => 'Mozilla/5.0 (Windows NT 6.1; WOW64) AppleWebKit/537.36 (KHTML, like Gecko) Chrome/79.0.3928.4 Safari/537.36',
  'upgrade-insecure-requests' => '1',
  'connection' => 'close',
  'host' => 'wow_game.net',
)
[ info ] [ PARAM ] array (
)
[ info ] [ RUN ] app\api\controller\User->wechatLoginMiniProgram[ E:\phpstudy\PHPTutorial\WWW\wow_game\application\api\controller\User.php ]
[ info ] [ DB ] INIT mysql
[ info ] [ LOG ] INIT File

---------------------------------------------------------------
