[ 2020-03-17T14:28:57+08:00 ] 127.0.0.1 127.0.0.1 GET /
[ log ] wow_game.net/ [运行时间：0.084005s][吞吐率：11.90req/s] [内存消耗：1,202.91kb] [文件加载：47]
[ info ] [ LANG ] E:\phpstudy\PHPTutorial\WWW\wow_game\thinkphp\lang\zh-cn.php
[ info ] [ ROUTE ] array (
  'type' => 'module',
  'module' => 
  array (
    0 => '',
    1 => NULL,
    2 => NULL,
  ),
)
[ info ] [ HEADER ] array (
  'accept-language' => 'zh-CN,zh;q=0.9',
  'accept-encoding' => 'gzip, deflate',
  'accept' => 'text/html,application/xhtml+xml,application/xml;q=0.9,image/webp,image/apng,*/*;q=0.8,application/signed-exchange;v=b3',
  'user-agent' => 'Mozilla/5.0 (Windows NT 6.1; WOW64) AppleWebKit/537.36 (KHTML, like Gecko) Chrome/79.0.3928.4 Safari/537.36',
  'upgrade-insecure-requests' => '1',
  'connection' => 'close',
  'host' => 'wow_game.net',
)
[ info ] [ PARAM ] array (
)
[ info ] [ RUN ] app\index\controller\Index->index[ E:\phpstudy\PHPTutorial\WWW\wow_game\application\index\controller\Index.php ]
[ info ] [ VIEW ] E:\phpstudy\PHPTutorial\WWW\wow_game\public/../application/index\view\index\index.html [ array (
) ]
[ info ] [ LOG ] INIT File

---------------------------------------------------------------
[ 2020-03-17T14:29:09+08:00 ] 127.0.0.1 127.0.0.1 GET /index.php/admin
[ log ] wow_game.net/index.php/admin [运行时间：0.387022s][吞吐率：2.58req/s] [内存消耗：6,032.20kb] [文件加载：68]
[ info ] [ LANG ] E:\phpstudy\PHPTutorial\WWW\wow_game\thinkphp\lang\zh-cn.php
[ info ] [ ROUTE ] array (
  'type' => 'module',
  'module' => 
  array (
    0 => 'admin',
    1 => NULL,
    2 => NULL,
  ),
)
[ info ] [ HEADER ] array (
  'accept-language' => 'zh-CN,zh;q=0.9',
  'accept-encoding' => 'gzip, deflate',
  'accept' => 'text/html,application/xhtml+xml,application/xml;q=0.9,image/webp,image/apng,*/*;q=0.8,application/signed-exchange;v=b3',
  'user-agent' => 'Mozilla/5.0 (Windows NT 6.1; WOW64) AppleWebKit/537.36 (KHTML, like Gecko) Chrome/79.0.3928.4 Safari/537.36',
  'upgrade-insecure-requests' => '1',
  'connection' => 'close',
  'host' => 'wow_game.net',
)
[ info ] [ PARAM ] array (
)
[ info ] [ SESSION ] INIT array (
  'id' => '',
  'var_session_id' => '',
  'prefix' => 'think',
  'type' => '',
  'auto_start' => true,
)
[ info ] [ BEHAVIOR ] Run \app\common\behavior\WebLog @module_init [ RunTime:0.063004s ]
[ info ] [ DB ] INIT mysql
[ info ] [ BEHAVIOR ] Run \app\common\behavior\WebLog @app_end [ RunTime:0.244014s ]
[ info ] [ LOG ] INIT File
[ sql ] [ DB ] CONNECT:[ UseTime:0.179010s ] mysql:dbname=wow_game;host=127.0.0.1;charset=utf8
[ sql ] [ SQL ] SHOW COLUMNS FROM `wow_web_log_all` [ RunTime:0.037002s ]
[ sql ] [ SQL ] INSERT INTO `wow_web_log_all` (`uid` , `ip` , `location` , `os` , `browser` , `url` , `module` , `controller` , `action` , `method` , `data` , `create_at`) VALUES (0 , '127.0.0.1' , '本机地址 本机地址  ' , 'Windows 7' , 'Chrome(79.0.3928.4)' , 'http://wow_game.net/index.php/admin' , 'admin' , 'Index' , 'index' , 'GET' , 'a:0:{}' , 1584426549) [ RunTime:0.011001s ]

---------------------------------------------------------------
[ 2020-03-17T14:29:09+08:00 ] 127.0.0.1 127.0.0.1 GET /index.php/admin/pub/login
[ log ] wow_game.net/index.php/admin/pub/login [运行时间：0.168010s][吞吐率：5.95req/s] [内存消耗：6,255.23kb] [文件加载：70]
[ info ] [ LANG ] E:\phpstudy\PHPTutorial\WWW\wow_game\thinkphp\lang\zh-cn.php
[ info ] [ ROUTE ] array (
  'type' => 'module',
  'module' => 
  array (
    0 => 'admin',
    1 => 'pub',
    2 => 'login',
  ),
)
[ info ] [ HEADER ] array (
  'cookie' => 'PHPSESSID=0fevo0ji7j02lcnv63psdtisag',
  'accept-language' => 'zh-CN,zh;q=0.9',
  'accept-encoding' => 'gzip, deflate',
  'accept' => 'text/html,application/xhtml+xml,application/xml;q=0.9,image/webp,image/apng,*/*;q=0.8,application/signed-exchange;v=b3',
  'user-agent' => 'Mozilla/5.0 (Windows NT 6.1; WOW64) AppleWebKit/537.36 (KHTML, like Gecko) Chrome/79.0.3928.4 Safari/537.36',
  'upgrade-insecure-requests' => '1',
  'connection' => 'close',
  'host' => 'wow_game.net',
)
[ info ] [ PARAM ] array (
)
[ info ] [ SESSION ] INIT array (
  'id' => '',
  'var_session_id' => '',
  'prefix' => 'think',
  'type' => '',
  'auto_start' => true,
)
[ info ] [ BEHAVIOR ] Run \app\common\behavior\WebLog @module_init [ RunTime:0.015001s ]
[ info ] [ RUN ] app\admin\controller\Pub->login[ E:\phpstudy\PHPTutorial\WWW\wow_game\application\admin\controller\Pub.php ]
[ info ] [ VIEW ] E:\phpstudy\PHPTutorial\WWW\wow_game\public/../application/admin\view\pub\login.html [ array (
) ]
[ info ] [ DB ] INIT mysql
[ info ] [ BEHAVIOR ] Run \app\common\behavior\WebLog @app_end [ RunTime:0.054004s ]
[ info ] [ LOG ] INIT File
[ sql ] [ DB ] CONNECT:[ UseTime:0.006001s ] mysql:dbname=wow_game;host=127.0.0.1;charset=utf8
[ sql ] [ SQL ] SHOW COLUMNS FROM `wow_web_log_all` [ RunTime:0.034001s ]
[ sql ] [ SQL ] INSERT INTO `wow_web_log_all` (`uid` , `ip` , `location` , `os` , `browser` , `url` , `module` , `controller` , `action` , `method` , `data` , `create_at`) VALUES (0 , '127.0.0.1' , '本机地址 本机地址  ' , 'Windows 7' , 'Chrome(79.0.3928.4)' , 'http://wow_game.net/index.php/admin/pub/login' , 'admin' , 'Pub' , 'login' , 'GET' , 'a:0:{}' , 1584426549) [ RunTime:0.001000s ]

---------------------------------------------------------------
[ 2020-03-17T14:29:10+08:00 ] 127.0.0.1 127.0.0.1 GET /index.php/captcha
[ log ] wow_game.net/index.php/captcha [运行时间：0.076004s][吞吐率：13.16req/s] [内存消耗：1,039.32kb] [文件加载：39]
[ info ] [ LANG ] E:\phpstudy\PHPTutorial\WWW\wow_game\thinkphp\lang\zh-cn.php
[ info ] [ ROUTE ] array (
  'type' => 'method',
  'method' => 
  array (
    0 => '\\think\\captcha\\CaptchaController',
    1 => 'index',
  ),
  'var' => 
  array (
  ),
)
[ info ] [ HEADER ] array (
  'cookie' => 'PHPSESSID=0fevo0ji7j02lcnv63psdtisag',
  'accept-language' => 'zh-CN,zh;q=0.9',
  'accept-encoding' => 'gzip, deflate',
  'referer' => 'http://wow_game.net/index.php/admin/pub/login',
  'accept' => 'image/webp,image/apng,image/*,*/*;q=0.8',
  'user-agent' => 'Mozilla/5.0 (Windows NT 6.1; WOW64) AppleWebKit/537.36 (KHTML, like Gecko) Chrome/79.0.3928.4 Safari/537.36',
  'connection' => 'close',
  'host' => 'wow_game.net',
)
[ info ] [ PARAM ] array (
  'id' => '',
)
[ info ] [ RUN ] think\captcha\CaptchaController->index[ E:\phpstudy\PHPTutorial\WWW\wow_game\vendor\topthink\think-captcha\src\CaptchaController.php ]
[ info ] [ SESSION ] INIT array (
  'id' => '',
  'var_session_id' => '',
  'prefix' => 'think',
  'type' => '',
  'auto_start' => true,
)
[ info ] [ LOG ] INIT File

---------------------------------------------------------------
[ 2020-03-17T14:29:20+08:00 ] 127.0.0.1 127.0.0.1 POST /index.php/admin/pub/checklogin
[ log ] wow_game.net/index.php/admin/pub/checklogin [运行时间：0.263015s][吞吐率：3.80req/s] [内存消耗：6,173.61kb] [文件加载：71]
[ info ] [ LANG ] E:\phpstudy\PHPTutorial\WWW\wow_game\thinkphp\lang\zh-cn.php
[ info ] [ ROUTE ] array (
  'type' => 'module',
  'module' => 
  array (
    0 => 'admin',
    1 => 'pub',
    2 => 'checklogin',
  ),
)
[ info ] [ HEADER ] array (
  'cookie' => 'PHPSESSID=0fevo0ji7j02lcnv63psdtisag',
  'accept-language' => 'zh-CN,zh;q=0.9',
  'accept-encoding' => 'gzip, deflate',
  'referer' => 'http://wow_game.net/index.php/admin/pub/login',
  'origin' => 'http://wow_game.net',
  'content-type' => 'application/x-www-form-urlencoded; charset=UTF-8',
  'user-agent' => 'Mozilla/5.0 (Windows NT 6.1; WOW64) AppleWebKit/537.36 (KHTML, like Gecko) Chrome/79.0.3928.4 Safari/537.36',
  'x-requested-with' => 'XMLHttpRequest',
  'accept' => 'application/json, text/javascript, */*; q=0.01',
  'content-length' => '45',
  'connection' => 'close',
  'host' => 'wow_game.net',
)
[ info ] [ PARAM ] array (
  'account' => 'admin',
  'password' => 'shizuniao',
  'captcha' => '5vkf',
)
[ info ] [ SESSION ] INIT array (
  'id' => '',
  'var_session_id' => '',
  'prefix' => 'think',
  'type' => '',
  'auto_start' => true,
)
[ info ] [ BEHAVIOR ] Run \app\common\behavior\WebLog @module_init [ RunTime:0.012000s ]
[ info ] [ RUN ] app\admin\controller\Pub->checkLogin[ E:\phpstudy\PHPTutorial\WWW\wow_game\application\admin\controller\Pub.php ]
[ info ] [ DB ] INIT mysql
[ info ] [ CACHE ] INIT File
[ info ] [ BEHAVIOR ] Run \app\common\behavior\WebLog @app_end [ RunTime:0.041003s ]
[ info ] [ LOG ] INIT File
[ sql ] [ DB ] CONNECT:[ UseTime:0.008001s ] mysql:dbname=wow_game;host=127.0.0.1;charset=utf8
[ sql ] [ SQL ] SHOW COLUMNS FROM `wow_admin_user` [ RunTime:0.038002s ]
[ sql ] [ SQL ] SELECT * FROM `wow_admin_user` WHERE  `account` = 'admin'  AND `status` = 1 LIMIT 1 [ RunTime:0.001000s ]
[ sql ] [ SQL ] UPDATE `wow_admin_user`  SET `last_login_time`=1584426560,`login_count`=login_count+1,`last_login_ip`='127.0.0.1'  WHERE  `id` = 1 [ RunTime:0.001000s ]
[ sql ] [ SQL ] SHOW COLUMNS FROM `wow_login_log` [ RunTime:0.031002s ]
[ sql ] [ SQL ] INSERT INTO `wow_login_log` (`uid` , `login_ip` , `login_location` , `login_browser` , `login_os`) VALUES (1 , '127.0.0.1' , '本机地址 本机地址  ' , 'Chrome(79.0.3928.4)' , 'Windows 7') [ RunTime:0.029001s ]
[ sql ] [ SQL ] SHOW COLUMNS FROM `wow_web_log_all` [ RunTime:0.037002s ]
[ sql ] [ SQL ] INSERT INTO `wow_web_log_all` (`uid` , `ip` , `location` , `os` , `browser` , `url` , `module` , `controller` , `action` , `method` , `data` , `create_at`) VALUES (0 , '127.0.0.1' , '本机地址 本机地址  ' , 'Windows 7' , 'Chrome(79.0.3928.4)' , 'http://wow_game.net/index.php/admin/pub/checklogin' , 'admin' , 'Pub' , 'checklogin' , 'POST' , 'a:3:{s:7:\"account\";s:5:\"admin\";s:8:\"password\";s:9:\"shizuniao\";s:7:\"captcha\";s:4:\"5vkf\";}' , 1584426560) [ RunTime:0.001000s ]

---------------------------------------------------------------
[ 2020-03-17T14:29:20+08:00 ] 127.0.0.1 127.0.0.1 GET /index.php/admin/index/index
[ log ] wow_game.net/index.php/admin/index/index [运行时间：0.267016s][吞吐率：3.75req/s] [内存消耗：6,374.90kb] [文件加载：73]
[ info ] [ LANG ] E:\phpstudy\PHPTutorial\WWW\wow_game\thinkphp\lang\zh-cn.php
[ info ] [ ROUTE ] array (
  'type' => 'module',
  'module' => 
  array (
    0 => 'admin',
    1 => 'index',
    2 => 'index',
  ),
)
[ info ] [ HEADER ] array (
  'cookie' => 'PHPSESSID=0fevo0ji7j02lcnv63psdtisag',
  'accept-language' => 'zh-CN,zh;q=0.9',
  'accept-encoding' => 'gzip, deflate',
  'referer' => 'http://wow_game.net/index.php/admin/pub/login',
  'accept' => 'text/html,application/xhtml+xml,application/xml;q=0.9,image/webp,image/apng,*/*;q=0.8,application/signed-exchange;v=b3',
  'user-agent' => 'Mozilla/5.0 (Windows NT 6.1; WOW64) AppleWebKit/537.36 (KHTML, like Gecko) Chrome/79.0.3928.4 Safari/537.36',
  'upgrade-insecure-requests' => '1',
  'connection' => 'close',
  'host' => 'wow_game.net',
)
[ info ] [ PARAM ] array (
)
[ info ] [ SESSION ] INIT array (
  'id' => '',
  'var_session_id' => '',
  'prefix' => 'think',
  'type' => '',
  'auto_start' => true,
)
[ info ] [ BEHAVIOR ] Run \app\common\behavior\WebLog @module_init [ RunTime:0.015001s ]
[ info ] [ RUN ] app\admin\controller\Index->index[ E:\phpstudy\PHPTutorial\WWW\wow_game\application\admin\controller\Index.php ]
[ info ] [ DB ] INIT mysql
[ info ] [ VIEW ] E:\phpstudy\PHPTutorial\WWW\wow_game\public/../application/admin\view\index\index.html [ array (
  0 => 'groups',
  1 => 'menu',
) ]
[ info ] [ RUN ] app\admin\widget\Index->menu[ E:\phpstudy\PHPTutorial\WWW\wow_game\application\admin\widget\Index.php ]
[ info ] [ RUN ] app\admin\widget\Index->menu[ E:\phpstudy\PHPTutorial\WWW\wow_game\application\admin\widget\Index.php ]
[ info ] [ RUN ] app\admin\widget\Index->menu[ E:\phpstudy\PHPTutorial\WWW\wow_game\application\admin\widget\Index.php ]
[ info ] [ RUN ] app\admin\widget\Index->menu[ E:\phpstudy\PHPTutorial\WWW\wow_game\application\admin\widget\Index.php ]
[ info ] [ RUN ] app\admin\widget\Index->menu[ E:\phpstudy\PHPTutorial\WWW\wow_game\application\admin\widget\Index.php ]
[ info ] [ RUN ] app\admin\widget\Index->menu[ E:\phpstudy\PHPTutorial\WWW\wow_game\application\admin\widget\Index.php ]
[ info ] [ RUN ] app\admin\widget\Index->menu[ E:\phpstudy\PHPTutorial\WWW\wow_game\application\admin\widget\Index.php ]
[ info ] [ RUN ] app\admin\widget\Index->menu[ E:\phpstudy\PHPTutorial\WWW\wow_game\application\admin\widget\Index.php ]
[ info ] [ RUN ] app\admin\widget\Index->menu[ E:\phpstudy\PHPTutorial\WWW\wow_game\application\admin\widget\Index.php ]
[ info ] [ RUN ] app\admin\widget\Index->menu[ E:\phpstudy\PHPTutorial\WWW\wow_game\application\admin\widget\Index.php ]
[ info ] [ RUN ] app\admin\widget\Index->menu[ E:\phpstudy\PHPTutorial\WWW\wow_game\application\admin\widget\Index.php ]
[ info ] [ RUN ] app\admin\widget\Index->menu[ E:\phpstudy\PHPTutorial\WWW\wow_game\application\admin\widget\Index.php ]
[ info ] [ RUN ] app\admin\widget\Index->menu[ E:\phpstudy\PHPTutorial\WWW\wow_game\application\admin\widget\Index.php ]
[ info ] [ RUN ] app\admin\widget\Index->menu[ E:\phpstudy\PHPTutorial\WWW\wow_game\application\admin\widget\Index.php ]
[ info ] [ RUN ] app\admin\widget\Index->menu[ E:\phpstudy\PHPTutorial\WWW\wow_game\application\admin\widget\Index.php ]
[ info ] [ RUN ] app\admin\widget\Index->menu[ E:\phpstudy\PHPTutorial\WWW\wow_game\application\admin\widget\Index.php ]
[ info ] [ RUN ] app\admin\widget\Index->menu[ E:\phpstudy\PHPTutorial\WWW\wow_game\application\admin\widget\Index.php ]
[ info ] [ RUN ] app\admin\widget\Index->menu[ E:\phpstudy\PHPTutorial\WWW\wow_game\application\admin\widget\Index.php ]
[ info ] [ RUN ] app\admin\widget\Index->menu[ E:\phpstudy\PHPTutorial\WWW\wow_game\application\admin\widget\Index.php ]
[ info ] [ RUN ] app\admin\widget\Index->menu[ E:\phpstudy\PHPTutorial\WWW\wow_game\application\admin\widget\Index.php ]
[ info ] [ RUN ] app\admin\widget\Index->menu[ E:\phpstudy\PHPTutorial\WWW\wow_game\application\admin\widget\Index.php ]
[ info ] [ RUN ] app\admin\widget\Index->menu[ E:\phpstudy\PHPTutorial\WWW\wow_game\application\admin\widget\Index.php ]
[ info ] [ RUN ] app\admin\widget\Index->menu[ E:\phpstudy\PHPTutorial\WWW\wow_game\application\admin\widget\Index.php ]
[ info ] [ RUN ] app\admin\widget\Index->menu[ E:\phpstudy\PHPTutorial\WWW\wow_game\application\admin\widget\Index.php ]
[ info ] [ RUN ] app\admin\widget\Index->menu[ E:\phpstudy\PHPTutorial\WWW\wow_game\application\admin\widget\Index.php ]
[ info ] [ RUN ] app\admin\widget\Index->menu[ E:\phpstudy\PHPTutorial\WWW\wow_game\application\admin\widget\Index.php ]
[ info ] [ RUN ] app\admin\widget\Index->menu[ E:\phpstudy\PHPTutorial\WWW\wow_game\application\admin\widget\Index.php ]
[ info ] [ RUN ] app\admin\widget\Index->menu[ E:\phpstudy\PHPTutorial\WWW\wow_game\application\admin\widget\Index.php ]
[ info ] [ RUN ] app\admin\widget\Index->menu[ E:\phpstudy\PHPTutorial\WWW\wow_game\application\admin\widget\Index.php ]
[ info ] [ RUN ] app\admin\widget\Index->menu[ E:\phpstudy\PHPTutorial\WWW\wow_game\application\admin\widget\Index.php ]
[ info ] [ RUN ] app\admin\widget\Index->menu[ E:\phpstudy\PHPTutorial\WWW\wow_game\application\admin\widget\Index.php ]
[ info ] [ RUN ] app\admin\widget\Index->menu[ E:\phpstudy\PHPTutorial\WWW\wow_game\application\admin\widget\Index.php ]
[ info ] [ RUN ] app\admin\widget\Index->menu[ E:\phpstudy\PHPTutorial\WWW\wow_game\application\admin\widget\Index.php ]
[ info ] [ RUN ] app\admin\widget\Index->menu[ E:\phpstudy\PHPTutorial\WWW\wow_game\application\admin\widget\Index.php ]
[ info ] [ RUN ] app\admin\widget\Index->menu[ E:\phpstudy\PHPTutorial\WWW\wow_game\application\admin\widget\Index.php ]
[ info ] [ RUN ] app\admin\widget\Index->menu[ E:\phpstudy\PHPTutorial\WWW\wow_game\application\admin\widget\Index.php ]
[ info ] [ RUN ] app\admin\widget\Index->menu[ E:\phpstudy\PHPTutorial\WWW\wow_game\application\admin\widget\Index.php ]
[ info ] [ BEHAVIOR ] Run \app\common\behavior\WebLog @app_end [ RunTime:0.037003s ]
[ info ] [ LOG ] INIT File
[ sql ] [ DB ] CONNECT:[ UseTime:0.006001s ] mysql:dbname=wow_game;host=127.0.0.1;charset=utf8
[ sql ] [ SQL ] SHOW COLUMNS FROM `wow_admin_node` [ RunTime:0.038002s ]
[ sql ] [ SQL ] SELECT `id`,`pid`,`name`,`group_id`,`title`,`type` FROM `wow_admin_node` WHERE  (  status=1 AND group_id > 0 ) ORDER BY sort ASC [ RunTime:0.007000s ]
[ sql ] [ SQL ] SHOW COLUMNS FROM `wow_admin_group` [ RunTime:0.040003s ]
[ sql ] [ SQL ] SELECT `id`,`name`,`icon` FROM `wow_admin_group` WHERE  `id` IN (2,1,4,6,7,3,5)  AND `status` = 1 ORDER BY sort asc,id asc [ RunTime:0.002000s ]
[ sql ] [ SQL ] SHOW COLUMNS FROM `wow_web_log_all` [ RunTime:0.035002s ]
[ sql ] [ SQL ] INSERT INTO `wow_web_log_all` (`uid` , `ip` , `location` , `os` , `browser` , `url` , `module` , `controller` , `action` , `method` , `data` , `create_at`) VALUES (1 , '127.0.0.1' , '本机地址 本机地址  ' , 'Windows 7' , 'Chrome(79.0.3928.4)' , 'http://wow_game.net/index.php/admin/index/index' , 'admin' , 'Index' , 'index' , 'GET' , 'a:0:{}' , 1584426560) [ RunTime:0.001001s ]

---------------------------------------------------------------
[ 2020-03-17T14:29:21+08:00 ] 127.0.0.1 127.0.0.1 GET /index.php/admin/index/welcome
[ log ] wow_game.net/index.php/admin/index/welcome [运行时间：0.211012s][吞吐率：4.74req/s] [内存消耗：6,328.95kb] [文件加载：71]
[ info ] [ LANG ] E:\phpstudy\PHPTutorial\WWW\wow_game\thinkphp\lang\zh-cn.php
[ info ] [ ROUTE ] array (
  'type' => 'module',
  'module' => 
  array (
    0 => 'admin',
    1 => 'index',
    2 => 'welcome',
  ),
)
[ info ] [ HEADER ] array (
  'cookie' => 'PHPSESSID=0fevo0ji7j02lcnv63psdtisag',
  'accept-language' => 'zh-CN,zh;q=0.9',
  'accept-encoding' => 'gzip, deflate',
  'referer' => 'http://wow_game.net/index.php/admin/index/index',
  'accept' => 'text/html,application/xhtml+xml,application/xml;q=0.9,image/webp,image/apng,*/*;q=0.8,application/signed-exchange;v=b3',
  'user-agent' => 'Mozilla/5.0 (Windows NT 6.1; WOW64) AppleWebKit/537.36 (KHTML, like Gecko) Chrome/79.0.3928.4 Safari/537.36',
  'upgrade-insecure-requests' => '1',
  'connection' => 'close',
  'host' => 'wow_game.net',
)
[ info ] [ PARAM ] array (
)
[ info ] [ SESSION ] INIT array (
  'id' => '',
  'var_session_id' => '',
  'prefix' => 'think',
  'type' => '',
  'auto_start' => true,
)
[ info ] [ BEHAVIOR ] Run \app\common\behavior\WebLog @module_init [ RunTime:0.017001s ]
[ info ] [ RUN ] app\admin\controller\Index->welcome[ E:\phpstudy\PHPTutorial\WWW\wow_game\application\admin\controller\Index.php ]
[ info ] [ DB ] INIT mysql
[ info ] [ VIEW ] E:\phpstudy\PHPTutorial\WWW\wow_game\public/../application/admin\view\index\welcome.html [ array (
  0 => 'last_login_ip',
  1 => 'last_login_loc',
  2 => 'current_login_ip',
  3 => 'current_login_loc',
  4 => 'info',
) ]
[ info ] [ BEHAVIOR ] Run \app\common\behavior\WebLog @app_end [ RunTime:0.037002s ]
[ info ] [ LOG ] INIT File
[ sql ] [ DB ] CONNECT:[ UseTime:0.008000s ] mysql:dbname=wow_game;host=127.0.0.1;charset=utf8
[ sql ] [ SQL ] SHOW COLUMNS FROM `wow_admin_user` [ RunTime:0.037002s ]
[ sql ] [ SQL ] SELECT * FROM `wow_admin_user` WHERE  `id` = 1 LIMIT 1 [ RunTime:0.002000s ]
[ sql ] [ SQL ] SHOW COLUMNS FROM `wow_web_log_all` [ RunTime:0.034002s ]
[ sql ] [ SQL ] INSERT INTO `wow_web_log_all` (`uid` , `ip` , `location` , `os` , `browser` , `url` , `module` , `controller` , `action` , `method` , `data` , `create_at`) VALUES (1 , '127.0.0.1' , '本机地址 本机地址  ' , 'Windows 7' , 'Chrome(79.0.3928.4)' , 'http://wow_game.net/index.php/admin/index/welcome' , 'admin' , 'Index' , 'welcome' , 'GET' , 'a:0:{}' , 1584426561) [ RunTime:0.002000s ]

---------------------------------------------------------------
[ 2020-03-17T14:47:41+08:00 ] 127.0.0.1 127.0.0.1 GET /index.php/api/auction_log/auctiontype
[ log ] wow_game.net/index.php/api/auction_log/auctiontype [运行时间：0.074004s][吞吐率：13.51req/s] [内存消耗：1,220.65kb] [文件加载：47]
[ info ] [ LANG ] E:\phpstudy\PHPTutorial\WWW\wow_game\thinkphp\lang\zh-cn.php
[ info ] [ ROUTE ] array (
  'type' => 'module',
  'module' => 
  array (
    0 => 'api',
    1 => 'auction_log',
    2 => 'auctiontype',
  ),
)
[ info ] [ HEADER ] array (
  'cookie' => 'PHPSESSID=0fevo0ji7j02lcnv63psdtisag',
  'accept-language' => 'zh-CN,zh;q=0.9',
  'accept-encoding' => 'gzip, deflate',
  'accept' => 'text/html,application/xhtml+xml,application/xml;q=0.9,image/webp,image/apng,*/*;q=0.8,application/signed-exchange;v=b3',
  'user-agent' => 'Mozilla/5.0 (Windows NT 6.1; WOW64) AppleWebKit/537.36 (KHTML, like Gecko) Chrome/79.0.3928.4 Safari/537.36',
  'upgrade-insecure-requests' => '1',
  'connection' => 'close',
  'host' => 'wow_game.net',
)
[ info ] [ PARAM ] array (
)
[ info ] [ LOG ] INIT File
[ error ] [0]方法参数错误:equipment_ids[E:\phpstudy\PHPTutorial\WWW\wow_game\thinkphp\library\think\App.php:294]

---------------------------------------------------------------
[ 2020-03-17T14:49:08+08:00 ] 127.0.0.1 127.0.0.1 POST /index.php/api/role/addrole
[ log ] wow_game.net/index.php/api/role/addrole [运行时间：0.068004s][吞吐率：14.70req/s] [内存消耗：1,269.28kb] [文件加载：50]
[ info ] [ LANG ] E:\phpstudy\PHPTutorial\WWW\wow_game\thinkphp\lang\zh-cn.php
[ info ] [ ROUTE ] array (
  'type' => 'module',
  'module' => 
  array (
    0 => 'api',
    1 => 'role',
    2 => 'addrole',
  ),
)
[ info ] [ HEADER ] array (
  'connection' => 'close',
  'content-length' => '0',
  'accept-encoding' => 'gzip, deflate, br',
  'host' => 'wow_game.net',
  'postman-token' => 'f75e5382-619a-443d-a0a7-460620b242ad',
  'cache-control' => 'no-cache',
  'accept' => '*/*',
  'user-agent' => 'PostmanRuntime/7.23.0',
  'content-type' => 'application/x-www-form-urlencoded',
)
[ info ] [ PARAM ] array (
)
[ info ] [ RUN ] app\api\controller\Role->addRole[ E:\phpstudy\PHPTutorial\WWW\wow_game\application\api\controller\Role.php ]
[ info ] [ RUN ] app\admin\controller\Role->add[ E:\phpstudy\PHPTutorial\WWW\wow_game\application\admin\traits\controller\Controller.php ]
[ info ] [ LOG ] INIT File

---------------------------------------------------------------
[ 2020-03-17T14:50:36+08:00 ] 127.0.0.1 127.0.0.1 POST /index.php/api/role/addrole
[ log ] wow_game.net/index.php/api/role/addrole [运行时间：0.079005s][吞吐率：12.66req/s] [内存消耗：1,269.36kb] [文件加载：50]
[ info ] [ LANG ] E:\phpstudy\PHPTutorial\WWW\wow_game\thinkphp\lang\zh-cn.php
[ info ] [ ROUTE ] array (
  'type' => 'module',
  'module' => 
  array (
    0 => 'api',
    1 => 'role',
    2 => 'addrole',
  ),
)
[ info ] [ HEADER ] array (
  'connection' => 'close',
  'content-length' => '0',
  'accept-encoding' => 'gzip, deflate, br',
  'host' => 'wow_game.net',
  'postman-token' => 'dd2604c2-c1fa-4f35-ad06-6f63dd914aa1',
  'cache-control' => 'no-cache',
  'accept' => '*/*',
  'user-agent' => 'PostmanRuntime/7.23.0',
  'content-type' => 'application/x-www-form-urlencoded',
)
[ info ] [ PARAM ] array (
)
[ info ] [ RUN ] app\api\controller\Role->addRole[ E:\phpstudy\PHPTutorial\WWW\wow_game\application\api\controller\Role.php ]
[ info ] [ RUN ] app\admin\controller\Role->add[ E:\phpstudy\PHPTutorial\WWW\wow_game\application\admin\traits\controller\Controller.php ]
[ info ] [ LOG ] INIT File

---------------------------------------------------------------
[ 2020-03-17T14:51:26+08:00 ] 127.0.0.1 127.0.0.1 POST /index.php/api/role/addrole
[ log ] wow_game.net/index.php/api/role/addrole [运行时间：0.073004s][吞吐率：13.70req/s] [内存消耗：1,269.37kb] [文件加载：50]
[ info ] [ LANG ] E:\phpstudy\PHPTutorial\WWW\wow_game\thinkphp\lang\zh-cn.php
[ info ] [ ROUTE ] array (
  'type' => 'module',
  'module' => 
  array (
    0 => 'api',
    1 => 'role',
    2 => 'addrole',
  ),
)
[ info ] [ HEADER ] array (
  'connection' => 'close',
  'content-length' => '0',
  'accept-encoding' => 'gzip, deflate, br',
  'host' => 'wow_game.net',
  'postman-token' => 'cd164007-7ea2-4148-92f4-e78e9492301f',
  'cache-control' => 'no-cache',
  'accept' => '*/*',
  'user-agent' => 'PostmanRuntime/7.23.0',
  'content-type' => 'application/x-www-form-urlencoded',
)
[ info ] [ PARAM ] array (
)
[ info ] [ RUN ] app\api\controller\Role->addRole[ E:\phpstudy\PHPTutorial\WWW\wow_game\application\api\controller\Role.php ]
[ info ] [ RUN ] app\admin\controller\Role->add[ E:\phpstudy\PHPTutorial\WWW\wow_game\application\admin\traits\controller\Controller.php ]
[ info ] [ LOG ] INIT File

---------------------------------------------------------------
[ 2020-03-17T14:51:56+08:00 ] 127.0.0.1 127.0.0.1 POST /index.php/api/role/addrole
[ log ] wow_game.net/index.php/api/role/addrole [运行时间：0.072004s][吞吐率：13.89req/s] [内存消耗：1,269.69kb] [文件加载：50]
[ info ] [ LANG ] E:\phpstudy\PHPTutorial\WWW\wow_game\thinkphp\lang\zh-cn.php
[ info ] [ ROUTE ] array (
  'type' => 'module',
  'module' => 
  array (
    0 => 'api',
    1 => 'role',
    2 => 'addrole',
  ),
)
[ info ] [ HEADER ] array (
  'connection' => 'close',
  'content-length' => '29',
  'accept-encoding' => 'gzip, deflate, br',
  'host' => 'wow_game.net',
  'postman-token' => 'c461d096-4937-4918-8ad4-90b1aedf46a0',
  'cache-control' => 'no-cache',
  'accept' => '*/*',
  'user-agent' => 'PostmanRuntime/7.23.0',
  'content-type' => 'application/x-www-form-urlencoded',
)
[ info ] [ PARAM ] array (
  'service_id' => '1,',
  'service_name' => '',
)
[ info ] [ RUN ] app\api\controller\Role->addRole[ E:\phpstudy\PHPTutorial\WWW\wow_game\application\api\controller\Role.php ]
[ info ] [ RUN ] app\admin\controller\Role->add[ E:\phpstudy\PHPTutorial\WWW\wow_game\application\admin\traits\controller\Controller.php ]
[ info ] [ LOG ] INIT File

---------------------------------------------------------------
[ 2020-03-17T14:52:14+08:00 ] 127.0.0.1 127.0.0.1 POST /index.php/api/role/addrole
[ log ] wow_game.net/index.php/api/role/addrole [运行时间：0.063004s][吞吐率：15.87req/s] [内存消耗：1,269.70kb] [文件加载：50]
[ info ] [ LANG ] E:\phpstudy\PHPTutorial\WWW\wow_game\thinkphp\lang\zh-cn.php
[ info ] [ ROUTE ] array (
  'type' => 'module',
  'module' => 
  array (
    0 => 'api',
    1 => 'role',
    2 => 'addrole',
  ),
)
[ info ] [ HEADER ] array (
  'connection' => 'close',
  'content-length' => '29',
  'accept-encoding' => 'gzip, deflate, br',
  'host' => 'wow_game.net',
  'postman-token' => '9073c627-2629-4da0-beac-8d93d04d97eb',
  'cache-control' => 'no-cache',
  'accept' => '*/*',
  'user-agent' => 'PostmanRuntime/7.23.0',
  'content-type' => 'application/x-www-form-urlencoded',
)
[ info ] [ PARAM ] array (
  'service_id' => '1,',
  'service_name' => '',
)
[ info ] [ RUN ] app\api\controller\Role->addRole[ E:\phpstudy\PHPTutorial\WWW\wow_game\application\api\controller\Role.php ]
[ info ] [ RUN ] app\admin\controller\Role->add[ E:\phpstudy\PHPTutorial\WWW\wow_game\application\admin\traits\controller\Controller.php ]
[ info ] [ LOG ] INIT File

---------------------------------------------------------------
[ 2020-03-17T14:52:21+08:00 ] 127.0.0.1 127.0.0.1 POST /index.php/api/role/addrole
[ log ] wow_game.net/index.php/api/role/addrole [运行时间：0.071004s][吞吐率：14.08req/s] [内存消耗：1,269.70kb] [文件加载：50]
[ info ] [ LANG ] E:\phpstudy\PHPTutorial\WWW\wow_game\thinkphp\lang\zh-cn.php
[ info ] [ ROUTE ] array (
  'type' => 'module',
  'module' => 
  array (
    0 => 'api',
    1 => 'role',
    2 => 'addrole',
  ),
)
[ info ] [ HEADER ] array (
  'connection' => 'close',
  'content-length' => '30',
  'accept-encoding' => 'gzip, deflate, br',
  'host' => 'wow_game.net',
  'postman-token' => '45daac14-7a14-4635-8572-fec58a71298f',
  'cache-control' => 'no-cache',
  'accept' => '*/*',
  'user-agent' => 'PostmanRuntime/7.23.0',
  'content-type' => 'application/x-www-form-urlencoded',
)
[ info ] [ PARAM ] array (
  'service_id' => '10,',
  'service_name' => '',
)
[ info ] [ RUN ] app\api\controller\Role->addRole[ E:\phpstudy\PHPTutorial\WWW\wow_game\application\api\controller\Role.php ]
[ info ] [ RUN ] app\admin\controller\Role->add[ E:\phpstudy\PHPTutorial\WWW\wow_game\application\admin\traits\controller\Controller.php ]
[ info ] [ LOG ] INIT File

---------------------------------------------------------------
[ 2020-03-17T14:52:35+08:00 ] 127.0.0.1 127.0.0.1 POST /index.php/api/role/addrole
[ log ] wow_game.net/index.php/api/role/addrole [运行时间：0.068004s][吞吐率：14.71req/s] [内存消耗：1,269.70kb] [文件加载：50]
[ info ] [ LANG ] E:\phpstudy\PHPTutorial\WWW\wow_game\thinkphp\lang\zh-cn.php
[ info ] [ ROUTE ] array (
  'type' => 'module',
  'module' => 
  array (
    0 => 'api',
    1 => 'role',
    2 => 'addrole',
  ),
)
[ info ] [ HEADER ] array (
  'connection' => 'close',
  'content-length' => '30',
  'accept-encoding' => 'gzip, deflate, br',
  'host' => 'wow_game.net',
  'postman-token' => '5136432c-70e1-4a46-8386-d33ea78c1431',
  'cache-control' => 'no-cache',
  'accept' => '*/*',
  'user-agent' => 'PostmanRuntime/7.23.0',
  'content-type' => 'application/x-www-form-urlencoded',
)
[ info ] [ PARAM ] array (
  'service_id' => '10,',
  'service_name' => '',
)
[ info ] [ RUN ] app\api\controller\Role->addRole[ E:\phpstudy\PHPTutorial\WWW\wow_game\application\api\controller\Role.php ]
[ info ] [ RUN ] app\admin\controller\Role->add[ E:\phpstudy\PHPTutorial\WWW\wow_game\application\admin\traits\controller\Controller.php ]
[ info ] [ LOG ] INIT File

---------------------------------------------------------------
[ 2020-03-17T14:52:37+08:00 ] 127.0.0.1 127.0.0.1 POST /index.php/api/role/addrole
[ log ] wow_game.net/index.php/api/role/addrole [运行时间：0.094006s][吞吐率：10.64req/s] [内存消耗：1,269.70kb] [文件加载：50]
[ info ] [ LANG ] E:\phpstudy\PHPTutorial\WWW\wow_game\thinkphp\lang\zh-cn.php
[ info ] [ ROUTE ] array (
  'type' => 'module',
  'module' => 
  array (
    0 => 'api',
    1 => 'role',
    2 => 'addrole',
  ),
)
[ info ] [ HEADER ] array (
  'connection' => 'close',
  'content-length' => '30',
  'accept-encoding' => 'gzip, deflate, br',
  'host' => 'wow_game.net',
  'postman-token' => '7717b36f-7e81-43c3-bfd8-5b564ae9dfbf',
  'cache-control' => 'no-cache',
  'accept' => '*/*',
  'user-agent' => 'PostmanRuntime/7.23.0',
  'content-type' => 'application/x-www-form-urlencoded',
)
[ info ] [ PARAM ] array (
  'service_id' => '10,',
  'service_name' => '',
)
[ info ] [ RUN ] app\api\controller\Role->addRole[ E:\phpstudy\PHPTutorial\WWW\wow_game\application\api\controller\Role.php ]
[ info ] [ RUN ] app\admin\controller\Role->add[ E:\phpstudy\PHPTutorial\WWW\wow_game\application\admin\traits\controller\Controller.php ]
[ info ] [ LOG ] INIT File

---------------------------------------------------------------
[ 2020-03-17T14:52:39+08:00 ] 127.0.0.1 127.0.0.1 POST /index.php/api/role/addrole
[ log ] wow_game.net/index.php/api/role/addrole [运行时间：0.064003s][吞吐率：15.62req/s] [内存消耗：1,269.70kb] [文件加载：50]
[ info ] [ LANG ] E:\phpstudy\PHPTutorial\WWW\wow_game\thinkphp\lang\zh-cn.php
[ info ] [ ROUTE ] array (
  'type' => 'module',
  'module' => 
  array (
    0 => 'api',
    1 => 'role',
    2 => 'addrole',
  ),
)
[ info ] [ HEADER ] array (
  'connection' => 'close',
  'content-length' => '30',
  'accept-encoding' => 'gzip, deflate, br',
  'host' => 'wow_game.net',
  'postman-token' => '760deac8-9c53-448f-a0c5-01fc95aa1b76',
  'cache-control' => 'no-cache',
  'accept' => '*/*',
  'user-agent' => 'PostmanRuntime/7.23.0',
  'content-type' => 'application/x-www-form-urlencoded',
)
[ info ] [ PARAM ] array (
  'service_id' => '10,',
  'service_name' => '',
)
[ info ] [ RUN ] app\api\controller\Role->addRole[ E:\phpstudy\PHPTutorial\WWW\wow_game\application\api\controller\Role.php ]
[ info ] [ RUN ] app\admin\controller\Role->add[ E:\phpstudy\PHPTutorial\WWW\wow_game\application\admin\traits\controller\Controller.php ]
[ info ] [ LOG ] INIT File

---------------------------------------------------------------
[ 2020-03-17T14:52:46+08:00 ] 127.0.0.1 127.0.0.1 POST /index.php/api/role/addrole
[ log ] wow_game.net/index.php/api/role/addrole [运行时间：0.074005s][吞吐率：13.51req/s] [内存消耗：1,269.70kb] [文件加载：50]
[ info ] [ LANG ] E:\phpstudy\PHPTutorial\WWW\wow_game\thinkphp\lang\zh-cn.php
[ info ] [ ROUTE ] array (
  'type' => 'module',
  'module' => 
  array (
    0 => 'api',
    1 => 'role',
    2 => 'addrole',
  ),
)
[ info ] [ HEADER ] array (
  'connection' => 'close',
  'content-length' => '27',
  'accept-encoding' => 'gzip, deflate, br',
  'host' => 'wow_game.net',
  'postman-token' => '60418f5f-87a0-4e9b-a594-ae4acbef325b',
  'cache-control' => 'no-cache',
  'accept' => '*/*',
  'user-agent' => 'PostmanRuntime/7.23.0',
  'content-type' => 'application/x-www-form-urlencoded',
)
[ info ] [ PARAM ] array (
  'service_id' => '10',
  'service_name' => '',
)
[ info ] [ RUN ] app\api\controller\Role->addRole[ E:\phpstudy\PHPTutorial\WWW\wow_game\application\api\controller\Role.php ]
[ info ] [ RUN ] app\admin\controller\Role->add[ E:\phpstudy\PHPTutorial\WWW\wow_game\application\admin\traits\controller\Controller.php ]
[ info ] [ LOG ] INIT File

---------------------------------------------------------------
[ 2020-03-17T14:52:48+08:00 ] 127.0.0.1 127.0.0.1 POST /index.php/api/role/addrole
[ log ] wow_game.net/index.php/api/role/addrole [运行时间：0.076004s][吞吐率：13.16req/s] [内存消耗：1,269.70kb] [文件加载：50]
[ info ] [ LANG ] E:\phpstudy\PHPTutorial\WWW\wow_game\thinkphp\lang\zh-cn.php
[ info ] [ ROUTE ] array (
  'type' => 'module',
  'module' => 
  array (
    0 => 'api',
    1 => 'role',
    2 => 'addrole',
  ),
)
[ info ] [ HEADER ] array (
  'connection' => 'close',
  'content-length' => '27',
  'accept-encoding' => 'gzip, deflate, br',
  'host' => 'wow_game.net',
  'postman-token' => '0d950eb0-38c1-40b8-a3f7-f0d2bb9c7490',
  'cache-control' => 'no-cache',
  'accept' => '*/*',
  'user-agent' => 'PostmanRuntime/7.23.0',
  'content-type' => 'application/x-www-form-urlencoded',
)
[ info ] [ PARAM ] array (
  'service_id' => '10',
  'service_name' => '',
)
[ info ] [ RUN ] app\api\controller\Role->addRole[ E:\phpstudy\PHPTutorial\WWW\wow_game\application\api\controller\Role.php ]
[ info ] [ RUN ] app\admin\controller\Role->add[ E:\phpstudy\PHPTutorial\WWW\wow_game\application\admin\traits\controller\Controller.php ]
[ info ] [ LOG ] INIT File

---------------------------------------------------------------
[ 2020-03-17T14:52:57+08:00 ] 127.0.0.1 127.0.0.1 POST /index.php/api/role/addrole
[ log ] wow_game.net/index.php/api/role/addrole [运行时间：0.066004s][吞吐率：15.15req/s] [内存消耗：1,269.70kb] [文件加载：50]
[ info ] [ LANG ] E:\phpstudy\PHPTutorial\WWW\wow_game\thinkphp\lang\zh-cn.php
[ info ] [ ROUTE ] array (
  'type' => 'module',
  'module' => 
  array (
    0 => 'api',
    1 => 'role',
    2 => 'addrole',
  ),
)
[ info ] [ HEADER ] array (
  'connection' => 'close',
  'content-length' => '27',
  'accept-encoding' => 'gzip, deflate, br',
  'host' => 'wow_game.net',
  'postman-token' => 'bccc630f-666b-46fa-b1da-99aabbb99924',
  'cache-control' => 'no-cache',
  'accept' => '*/*',
  'user-agent' => 'PostmanRuntime/7.23.0',
  'content-type' => 'application/x-www-form-urlencoded',
)
[ info ] [ PARAM ] array (
  'service_id' => '10',
  'service_name' => '',
)
[ info ] [ RUN ] app\api\controller\Role->addRole[ E:\phpstudy\PHPTutorial\WWW\wow_game\application\api\controller\Role.php ]
[ info ] [ RUN ] app\admin\controller\Role->add[ E:\phpstudy\PHPTutorial\WWW\wow_game\application\admin\traits\controller\Controller.php ]
[ info ] [ LOG ] INIT File

---------------------------------------------------------------
[ 2020-03-17T15:32:59+08:00 ] 127.0.0.1 127.0.0.1 GET /index.php/api/auction_log/auctiontype
[ log ] wow_game.net/index.php/api/auction_log/auctiontype [运行时间：0.075004s][吞吐率：13.33req/s] [内存消耗：1,222.31kb] [文件加载：48]
[ info ] [ LANG ] E:\phpstudy\PHPTutorial\WWW\wow_game\thinkphp\lang\zh-cn.php
[ info ] [ ROUTE ] array (
  'type' => 'module',
  'module' => 
  array (
    0 => 'api',
    1 => 'auction_log',
    2 => 'auctiontype',
  ),
)
[ info ] [ HEADER ] array (
  'cookie' => 'PHPSESSID=0fevo0ji7j02lcnv63psdtisag',
  'accept-language' => 'zh-CN,zh;q=0.9',
  'accept-encoding' => 'gzip, deflate',
  'accept' => 'text/html,application/xhtml+xml,application/xml;q=0.9,image/webp,image/apng,*/*;q=0.8,application/signed-exchange;v=b3',
  'user-agent' => 'Mozilla/5.0 (Windows NT 6.1; WOW64) AppleWebKit/537.36 (KHTML, like Gecko) Chrome/79.0.3928.4 Safari/537.36',
  'upgrade-insecure-requests' => '1',
  'connection' => 'close',
  'host' => 'wow_game.net',
)
[ info ] [ PARAM ] array (
)
[ info ] [ LOG ] INIT File

---------------------------------------------------------------
[ 2020-03-17T16:19:03+08:00 ] 127.0.0.1 127.0.0.1 POST /index.php/api/auction_log/addauction
[ log ] wow_game.net/index.php/api/auction_log/addauction [运行时间：0.085005s][吞吐率：11.76req/s] [内存消耗：1,270.96kb] [文件加载：50]
[ info ] [ LANG ] E:\phpstudy\PHPTutorial\WWW\wow_game\thinkphp\lang\zh-cn.php
[ info ] [ ROUTE ] array (
  'type' => 'module',
  'module' => 
  array (
    0 => 'api',
    1 => 'auction_log',
    2 => 'addauction',
  ),
)
[ info ] [ HEADER ] array (
  'connection' => 'close',
  'content-length' => '0',
  'accept-encoding' => 'gzip, deflate, br',
  'host' => 'wow_game.net',
  'postman-token' => '01ee92de-77be-4a3e-964e-7930c9662621',
  'cache-control' => 'no-cache',
  'accept' => '*/*',
  'user-agent' => 'PostmanRuntime/7.23.0',
  'content-type' => 'application/x-www-form-urlencoded',
)
[ info ] [ PARAM ] array (
)
[ info ] [ RUN ] app\api\controller\AuctionLog->addAuction[ E:\phpstudy\PHPTutorial\WWW\wow_game\application\api\controller\AuctionLog.php ]
[ info ] [ RUN ] app\admin\controller\AuctionLog->add[ E:\phpstudy\PHPTutorial\WWW\wow_game\application\admin\traits\controller\Controller.php ]
[ info ] [ LOG ] INIT File

---------------------------------------------------------------
[ 2020-03-17T16:19:51+08:00 ] 127.0.0.1 127.0.0.1 POST /index.php/api/auction_log/addauction
[ log ] wow_game.net/index.php/api/auction_log/addauction [运行时间：0.082005s][吞吐率：12.19req/s] [内存消耗：1,270.95kb] [文件加载：50]
[ info ] [ LANG ] E:\phpstudy\PHPTutorial\WWW\wow_game\thinkphp\lang\zh-cn.php
[ info ] [ ROUTE ] array (
  'type' => 'module',
  'module' => 
  array (
    0 => 'api',
    1 => 'auction_log',
    2 => 'addauction',
  ),
)
[ info ] [ HEADER ] array (
  'connection' => 'close',
  'content-length' => '0',
  'accept-encoding' => 'gzip, deflate, br',
  'host' => 'wow_game.net',
  'postman-token' => 'b42f7894-1da6-4e99-ac1a-636c59930da5',
  'cache-control' => 'no-cache',
  'accept' => '*/*',
  'user-agent' => 'PostmanRuntime/7.23.0',
  'content-type' => 'application/x-www-form-urlencoded',
)
[ info ] [ PARAM ] array (
)
[ info ] [ RUN ] app\api\controller\AuctionLog->addAuction[ E:\phpstudy\PHPTutorial\WWW\wow_game\application\api\controller\AuctionLog.php ]
[ info ] [ RUN ] app\admin\controller\AuctionLog->add[ E:\phpstudy\PHPTutorial\WWW\wow_game\application\admin\traits\controller\Controller.php ]
[ info ] [ LOG ] INIT File

---------------------------------------------------------------
[ 2020-03-17T16:22:43+08:00 ] 127.0.0.1 127.0.0.1 POST /index.php/api/auction_log/addauction
[ log ] wow_game.net/index.php/api/auction_log/addauction [运行时间：0.086005s][吞吐率：11.63req/s] [内存消耗：1,271.21kb] [文件加载：50]
[ info ] [ LANG ] E:\phpstudy\PHPTutorial\WWW\wow_game\thinkphp\lang\zh-cn.php
[ info ] [ ROUTE ] array (
  'type' => 'module',
  'module' => 
  array (
    0 => 'api',
    1 => 'auction_log',
    2 => 'addauction',
  ),
)
[ info ] [ HEADER ] array (
  'connection' => 'close',
  'content-length' => '9',
  'accept-encoding' => 'gzip, deflate, br',
  'host' => 'wow_game.net',
  'postman-token' => '10d96ecc-567f-4290-912c-06abd32bd24a',
  'cache-control' => 'no-cache',
  'accept' => '*/*',
  'user-agent' => 'PostmanRuntime/7.23.0',
  'content-type' => 'application/x-www-form-urlencoded',
)
[ info ] [ PARAM ] array (
  'team_id' => '1',
)
[ info ] [ RUN ] app\api\controller\AuctionLog->addAuction[ E:\phpstudy\PHPTutorial\WWW\wow_game\application\api\controller\AuctionLog.php ]
[ info ] [ RUN ] app\admin\controller\AuctionLog->add[ E:\phpstudy\PHPTutorial\WWW\wow_game\application\admin\traits\controller\Controller.php ]
[ info ] [ LOG ] INIT File

---------------------------------------------------------------
[ 2020-03-17T16:23:22+08:00 ] 127.0.0.1 127.0.0.1 POST /index.php/api/auction_log/addauction
[ log ] wow_game.net/index.php/api/auction_log/addauction [运行时间：0.074004s][吞吐率：13.51req/s] [内存消耗：1,271.34kb] [文件加载：50]
[ info ] [ LANG ] E:\phpstudy\PHPTutorial\WWW\wow_game\thinkphp\lang\zh-cn.php
[ info ] [ ROUTE ] array (
  'type' => 'module',
  'module' => 
  array (
    0 => 'api',
    1 => 'auction_log',
    2 => 'addauction',
  ),
)
[ info ] [ HEADER ] array (
  'connection' => 'close',
  'content-length' => '73',
  'accept-encoding' => 'gzip, deflate, br',
  'host' => 'wow_game.net',
  'postman-token' => 'd9b3894b-ffbe-426b-b84c-5a2217ce66bc',
  'cache-control' => 'no-cache',
  'accept' => '*/*',
  'user-agent' => 'PostmanRuntime/7.23.0',
  'content-type' => 'application/x-www-form-urlencoded',
)
[ info ] [ PARAM ] array (
  'team_id' => '1',
  'equipment_id' => '1',
  'equipment_name' => '&quot;好装备&quot;',
)
[ info ] [ RUN ] app\api\controller\AuctionLog->addAuction[ E:\phpstudy\PHPTutorial\WWW\wow_game\application\api\controller\AuctionLog.php ]
[ info ] [ RUN ] app\admin\controller\AuctionLog->add[ E:\phpstudy\PHPTutorial\WWW\wow_game\application\admin\traits\controller\Controller.php ]
[ info ] [ LOG ] INIT File

---------------------------------------------------------------
[ 2020-03-17T16:24:18+08:00 ] 127.0.0.1 127.0.0.1 POST /index.php/api/auction_log/addauction
[ log ] wow_game.net/index.php/api/auction_log/addauction [运行时间：0.085004s][吞吐率：11.76req/s] [内存消耗：1,304.05kb] [文件加载：52]
[ info ] [ LANG ] E:\phpstudy\PHPTutorial\WWW\wow_game\thinkphp\lang\zh-cn.php
[ info ] [ ROUTE ] array (
  'type' => 'module',
  'module' => 
  array (
    0 => 'api',
    1 => 'auction_log',
    2 => 'addauction',
  ),
)
[ info ] [ HEADER ] array (
  'connection' => 'close',
  'content-length' => '109',
  'accept-encoding' => 'gzip, deflate, br',
  'host' => 'wow_game.net',
  'postman-token' => 'c0713902-3ee7-4c78-b175-5c81467612bd',
  'cache-control' => 'no-cache',
  'accept' => '*/*',
  'user-agent' => 'PostmanRuntime/7.23.0',
  'content-type' => 'application/x-www-form-urlencoded',
)
[ info ] [ PARAM ] array (
  'team_id' => '1',
  'equipment_id' => '1',
  'equipment_name' => '&quot;好装备&quot;',
  'user_id' => '1',
  'price' => '120',
  'currency_type' => '1',
)
[ info ] [ RUN ] app\api\controller\AuctionLog->addAuction[ E:\phpstudy\PHPTutorial\WWW\wow_game\application\api\controller\AuctionLog.php ]
[ info ] [ RUN ] app\admin\controller\AuctionLog->add[ E:\phpstudy\PHPTutorial\WWW\wow_game\application\admin\traits\controller\Controller.php ]
[ info ] [ LOG ] INIT File
[ error ] [0]致命错误: Class 'app\common\validate\Db' not found[E:\phpstudy\PHPTutorial\WWW\wow_game\application\common\validate\AuctionLog.php:47]

---------------------------------------------------------------
[ 2020-03-17T16:24:42+08:00 ] 127.0.0.1 127.0.0.1 POST /index.php/api/auction_log/addauction
[ log ] wow_game.net/index.php/api/auction_log/addauction [运行时间：0.312018s][吞吐率：3.20req/s] [内存消耗：1,785.99kb] [文件加载：54]
[ info ] [ LANG ] E:\phpstudy\PHPTutorial\WWW\wow_game\thinkphp\lang\zh-cn.php
[ info ] [ ROUTE ] array (
  'type' => 'module',
  'module' => 
  array (
    0 => 'api',
    1 => 'auction_log',
    2 => 'addauction',
  ),
)
[ info ] [ HEADER ] array (
  'connection' => 'close',
  'content-length' => '109',
  'accept-encoding' => 'gzip, deflate, br',
  'host' => 'wow_game.net',
  'postman-token' => 'ff4b7990-2fba-42cd-a231-f09997bfe3f8',
  'cache-control' => 'no-cache',
  'accept' => '*/*',
  'user-agent' => 'PostmanRuntime/7.23.0',
  'content-type' => 'application/x-www-form-urlencoded',
)
[ info ] [ PARAM ] array (
  'team_id' => '1',
  'equipment_id' => '1',
  'equipment_name' => '&quot;好装备&quot;',
  'user_id' => '1',
  'price' => '120',
  'currency_type' => '1',
)
[ info ] [ RUN ] app\api\controller\AuctionLog->addAuction[ E:\phpstudy\PHPTutorial\WWW\wow_game\application\api\controller\AuctionLog.php ]
[ info ] [ RUN ] app\admin\controller\AuctionLog->add[ E:\phpstudy\PHPTutorial\WWW\wow_game\application\admin\traits\controller\Controller.php ]
[ info ] [ DB ] INIT mysql
[ info ] [ LOG ] INIT File
[ sql ] [ DB ] CONNECT:[ UseTime:0.195011s ] mysql:dbname=wow_game;host=127.0.0.1;charset=utf8
[ sql ] [ SQL ] SHOW COLUMNS FROM `wow_auction_log` [ RunTime:0.030002s ]
[ sql ] [ SQL ] SELECT max(price) as price FROM `wow_auction_log` WHERE  `team_id` = 1  AND `equipment_id` = 1 LIMIT 1 [ RunTime:0.001000s ]

---------------------------------------------------------------
[ 2020-03-17T16:24:55+08:00 ] 127.0.0.1 127.0.0.1 POST /index.php/api/auction_log/addauction
[ log ] wow_game.net/index.php/api/auction_log/addauction [运行时间：0.146008s][吞吐率：6.85req/s] [内存消耗：1,785.93kb] [文件加载：54]
[ info ] [ LANG ] E:\phpstudy\PHPTutorial\WWW\wow_game\thinkphp\lang\zh-cn.php
[ info ] [ ROUTE ] array (
  'type' => 'module',
  'module' => 
  array (
    0 => 'api',
    1 => 'auction_log',
    2 => 'addauction',
  ),
)
[ info ] [ HEADER ] array (
  'connection' => 'close',
  'content-length' => '109',
  'accept-encoding' => 'gzip, deflate, br',
  'host' => 'wow_game.net',
  'postman-token' => 'fdfee225-b201-4aa8-a8e1-d33241686877',
  'cache-control' => 'no-cache',
  'accept' => '*/*',
  'user-agent' => 'PostmanRuntime/7.23.0',
  'content-type' => 'application/x-www-form-urlencoded',
)
[ info ] [ PARAM ] array (
  'team_id' => '1',
  'equipment_id' => '1',
  'equipment_name' => '&quot;好装备&quot;',
  'user_id' => '1',
  'price' => '120',
  'currency_type' => '1',
)
[ info ] [ RUN ] app\api\controller\AuctionLog->addAuction[ E:\phpstudy\PHPTutorial\WWW\wow_game\application\api\controller\AuctionLog.php ]
[ info ] [ RUN ] app\admin\controller\AuctionLog->add[ E:\phpstudy\PHPTutorial\WWW\wow_game\application\admin\traits\controller\Controller.php ]
[ info ] [ DB ] INIT mysql
[ info ] [ LOG ] INIT File
[ sql ] [ DB ] CONNECT:[ UseTime:0.008001s ] mysql:dbname=wow_game;host=127.0.0.1;charset=utf8
[ sql ] [ SQL ] SHOW COLUMNS FROM `wow_auction_log` [ RunTime:0.035002s ]
[ sql ] [ SQL ] SELECT max(price) as price FROM `wow_auction_log` WHERE  `team_id` = 1  AND `equipment_id` = 1 LIMIT 1 [ RunTime:0.001000s ]

---------------------------------------------------------------
[ 2020-03-17T16:26:06+08:00 ] 127.0.0.1 127.0.0.1 POST /index.php/api/auction_log/addauction
[ log ] wow_game.net/index.php/api/auction_log/addauction [运行时间：0.321019s][吞吐率：3.12req/s] [内存消耗：1,786.37kb] [文件加载：54]
[ info ] [ LANG ] E:\phpstudy\PHPTutorial\WWW\wow_game\thinkphp\lang\zh-cn.php
[ info ] [ ROUTE ] array (
  'type' => 'module',
  'module' => 
  array (
    0 => 'api',
    1 => 'auction_log',
    2 => 'addauction',
  ),
)
[ info ] [ HEADER ] array (
  'connection' => 'close',
  'content-length' => '109',
  'accept-encoding' => 'gzip, deflate, br',
  'host' => 'wow_game.net',
  'postman-token' => '6d372416-f2a1-4a7f-9b4e-ccf58a4b28ae',
  'cache-control' => 'no-cache',
  'accept' => '*/*',
  'user-agent' => 'PostmanRuntime/7.23.0',
  'content-type' => 'application/x-www-form-urlencoded',
)
[ info ] [ PARAM ] array (
  'team_id' => '1',
  'equipment_id' => '1',
  'equipment_name' => '&quot;好装备&quot;',
  'user_id' => '1',
  'price' => '120',
  'currency_type' => '1',
)
[ info ] [ RUN ] app\api\controller\AuctionLog->addAuction[ E:\phpstudy\PHPTutorial\WWW\wow_game\application\api\controller\AuctionLog.php ]
[ info ] [ RUN ] app\admin\controller\AuctionLog->add[ E:\phpstudy\PHPTutorial\WWW\wow_game\application\admin\traits\controller\Controller.php ]
[ info ] [ DB ] INIT mysql
[ info ] [ LOG ] INIT File
[ sql ] [ DB ] CONNECT:[ UseTime:0.186010s ] mysql:dbname=wow_game;host=127.0.0.1;charset=utf8
[ sql ] [ SQL ] SHOW COLUMNS FROM `wow_auction_log` [ RunTime:0.036003s ]
[ sql ] [ SQL ] SELECT max(price) as price FROM `wow_auction_log` WHERE  `team_id` = 1  AND `equipment_id` = 1 LIMIT 1 [ RunTime:0.001000s ]

---------------------------------------------------------------
[ 2020-03-17T16:26:15+08:00 ] 127.0.0.1 127.0.0.1 POST /index.php/api/auction_log/addauction
[ log ] wow_game.net/index.php/api/auction_log/addauction [运行时间：0.134007s][吞吐率：7.46req/s] [内存消耗：1,786.37kb] [文件加载：54]
[ info ] [ LANG ] E:\phpstudy\PHPTutorial\WWW\wow_game\thinkphp\lang\zh-cn.php
[ info ] [ ROUTE ] array (
  'type' => 'module',
  'module' => 
  array (
    0 => 'api',
    1 => 'auction_log',
    2 => 'addauction',
  ),
)
[ info ] [ HEADER ] array (
  'connection' => 'close',
  'content-length' => '109',
  'accept-encoding' => 'gzip, deflate, br',
  'host' => 'wow_game.net',
  'postman-token' => '7ea0dcf4-c460-4a1e-b79b-4414df6e3bb7',
  'cache-control' => 'no-cache',
  'accept' => '*/*',
  'user-agent' => 'PostmanRuntime/7.23.0',
  'content-type' => 'application/x-www-form-urlencoded',
)
[ info ] [ PARAM ] array (
  'team_id' => '1',
  'equipment_id' => '1',
  'equipment_name' => '&quot;好装备&quot;',
  'user_id' => '1',
  'price' => '120',
  'currency_type' => '1',
)
[ info ] [ RUN ] app\api\controller\AuctionLog->addAuction[ E:\phpstudy\PHPTutorial\WWW\wow_game\application\api\controller\AuctionLog.php ]
[ info ] [ RUN ] app\admin\controller\AuctionLog->add[ E:\phpstudy\PHPTutorial\WWW\wow_game\application\admin\traits\controller\Controller.php ]
[ info ] [ DB ] INIT mysql
[ info ] [ LOG ] INIT File
[ sql ] [ DB ] CONNECT:[ UseTime:0.007001s ] mysql:dbname=wow_game;host=127.0.0.1;charset=utf8
[ sql ] [ SQL ] SHOW COLUMNS FROM `wow_auction_log` [ RunTime:0.042002s ]
[ sql ] [ SQL ] SELECT max(price) as price FROM `wow_auction_log` WHERE  `team_id` = 1  AND `equipment_id` = 1 LIMIT 1 [ RunTime:0.001000s ]

---------------------------------------------------------------
[ 2020-03-17T16:26:26+08:00 ] 127.0.0.1 127.0.0.1 POST /index.php/api/auction_log/addauction
[ log ] wow_game.net/index.php/api/auction_log/addauction [运行时间：0.130008s][吞吐率：7.69req/s] [内存消耗：1,786.37kb] [文件加载：54]
[ info ] [ LANG ] E:\phpstudy\PHPTutorial\WWW\wow_game\thinkphp\lang\zh-cn.php
[ info ] [ ROUTE ] array (
  'type' => 'module',
  'module' => 
  array (
    0 => 'api',
    1 => 'auction_log',
    2 => 'addauction',
  ),
)
[ info ] [ HEADER ] array (
  'connection' => 'close',
  'content-length' => '109',
  'accept-encoding' => 'gzip, deflate, br',
  'host' => 'wow_game.net',
  'postman-token' => 'de4713b9-4ff6-49a3-ad0b-4f51b1c818b1',
  'cache-control' => 'no-cache',
  'accept' => '*/*',
  'user-agent' => 'PostmanRuntime/7.23.0',
  'content-type' => 'application/x-www-form-urlencoded',
)
[ info ] [ PARAM ] array (
  'team_id' => '1',
  'equipment_id' => '1',
  'equipment_name' => '&quot;好装备&quot;',
  'user_id' => '1',
  'price' => '120',
  'currency_type' => '1',
)
[ info ] [ RUN ] app\api\controller\AuctionLog->addAuction[ E:\phpstudy\PHPTutorial\WWW\wow_game\application\api\controller\AuctionLog.php ]
[ info ] [ RUN ] app\admin\controller\AuctionLog->add[ E:\phpstudy\PHPTutorial\WWW\wow_game\application\admin\traits\controller\Controller.php ]
[ info ] [ DB ] INIT mysql
[ info ] [ LOG ] INIT File
[ sql ] [ DB ] CONNECT:[ UseTime:0.008000s ] mysql:dbname=wow_game;host=127.0.0.1;charset=utf8
[ sql ] [ SQL ] SHOW COLUMNS FROM `wow_auction_log` [ RunTime:0.037003s ]
[ sql ] [ SQL ] SELECT max(price) as price FROM `wow_auction_log` WHERE  `team_id` = 1  AND `equipment_id` = 1 LIMIT 1 [ RunTime:0.001000s ]

---------------------------------------------------------------
[ 2020-03-17T16:26:39+08:00 ] 127.0.0.1 127.0.0.1 POST /index.php/api/auction_log/addauction
[ log ] wow_game.net/index.php/api/auction_log/addauction [运行时间：0.125008s][吞吐率：8.00req/s] [内存消耗：1,786.37kb] [文件加载：54]
[ info ] [ LANG ] E:\phpstudy\PHPTutorial\WWW\wow_game\thinkphp\lang\zh-cn.php
[ info ] [ ROUTE ] array (
  'type' => 'module',
  'module' => 
  array (
    0 => 'api',
    1 => 'auction_log',
    2 => 'addauction',
  ),
)
[ info ] [ HEADER ] array (
  'connection' => 'close',
  'content-length' => '109',
  'accept-encoding' => 'gzip, deflate, br',
  'host' => 'wow_game.net',
  'postman-token' => 'aaf0529e-fdf5-4347-9c21-4aed56191d69',
  'cache-control' => 'no-cache',
  'accept' => '*/*',
  'user-agent' => 'PostmanRuntime/7.23.0',
  'content-type' => 'application/x-www-form-urlencoded',
)
[ info ] [ PARAM ] array (
  'team_id' => '1',
  'equipment_id' => '1',
  'equipment_name' => '&quot;好装备&quot;',
  'user_id' => '1',
  'price' => '120',
  'currency_type' => '1',
)
[ info ] [ RUN ] app\api\controller\AuctionLog->addAuction[ E:\phpstudy\PHPTutorial\WWW\wow_game\application\api\controller\AuctionLog.php ]
[ info ] [ RUN ] app\admin\controller\AuctionLog->add[ E:\phpstudy\PHPTutorial\WWW\wow_game\application\admin\traits\controller\Controller.php ]
[ info ] [ DB ] INIT mysql
[ info ] [ LOG ] INIT File
[ sql ] [ DB ] CONNECT:[ UseTime:0.009000s ] mysql:dbname=wow_game;host=127.0.0.1;charset=utf8
[ sql ] [ SQL ] SHOW COLUMNS FROM `wow_auction_log` [ RunTime:0.035002s ]
[ sql ] [ SQL ] SELECT max(price) as price FROM `wow_auction_log` WHERE  `team_id` = 1  AND `equipment_id` = 1 LIMIT 1 [ RunTime:0.001001s ]

---------------------------------------------------------------
[ 2020-03-17T16:26:53+08:00 ] 127.0.0.1 127.0.0.1 POST /index.php/api/auction_log/addauction
[ log ] wow_game.net/index.php/api/auction_log/addauction [运行时间：0.131007s][吞吐率：7.63req/s] [内存消耗：1,786.37kb] [文件加载：54]
[ info ] [ LANG ] E:\phpstudy\PHPTutorial\WWW\wow_game\thinkphp\lang\zh-cn.php
[ info ] [ ROUTE ] array (
  'type' => 'module',
  'module' => 
  array (
    0 => 'api',
    1 => 'auction_log',
    2 => 'addauction',
  ),
)
[ info ] [ HEADER ] array (
  'connection' => 'close',
  'content-length' => '109',
  'accept-encoding' => 'gzip, deflate, br',
  'host' => 'wow_game.net',
  'postman-token' => '5fd39574-5920-4b7f-a133-2ad5357d9652',
  'cache-control' => 'no-cache',
  'accept' => '*/*',
  'user-agent' => 'PostmanRuntime/7.23.0',
  'content-type' => 'application/x-www-form-urlencoded',
)
[ info ] [ PARAM ] array (
  'team_id' => '1',
  'equipment_id' => '1',
  'equipment_name' => '&quot;好装备&quot;',
  'user_id' => '1',
  'price' => '120',
  'currency_type' => '1',
)
[ info ] [ RUN ] app\api\controller\AuctionLog->addAuction[ E:\phpstudy\PHPTutorial\WWW\wow_game\application\api\controller\AuctionLog.php ]
[ info ] [ RUN ] app\admin\controller\AuctionLog->add[ E:\phpstudy\PHPTutorial\WWW\wow_game\application\admin\traits\controller\Controller.php ]
[ info ] [ DB ] INIT mysql
[ info ] [ LOG ] INIT File
[ sql ] [ DB ] CONNECT:[ UseTime:0.008001s ] mysql:dbname=wow_game;host=127.0.0.1;charset=utf8
[ sql ] [ SQL ] SHOW COLUMNS FROM `wow_auction_log` [ RunTime:0.038002s ]
[ sql ] [ SQL ] SELECT max(price) as price FROM `wow_auction_log` WHERE  `team_id` = 1  AND `equipment_id` = 1 LIMIT 1 [ RunTime:0.001000s ]

---------------------------------------------------------------
[ 2020-03-17T16:26:58+08:00 ] 127.0.0.1 127.0.0.1 POST /index.php/api/auction_log/addauction
[ log ] wow_game.net/index.php/api/auction_log/addauction [运行时间：0.119007s][吞吐率：8.40req/s] [内存消耗：1,786.37kb] [文件加载：54]
[ info ] [ LANG ] E:\phpstudy\PHPTutorial\WWW\wow_game\thinkphp\lang\zh-cn.php
[ info ] [ ROUTE ] array (
  'type' => 'module',
  'module' => 
  array (
    0 => 'api',
    1 => 'auction_log',
    2 => 'addauction',
  ),
)
[ info ] [ HEADER ] array (
  'connection' => 'close',
  'content-length' => '109',
  'accept-encoding' => 'gzip, deflate, br',
  'host' => 'wow_game.net',
  'postman-token' => '48841b99-019a-4948-aba7-5774dd3027b6',
  'cache-control' => 'no-cache',
  'accept' => '*/*',
  'user-agent' => 'PostmanRuntime/7.23.0',
  'content-type' => 'application/x-www-form-urlencoded',
)
[ info ] [ PARAM ] array (
  'team_id' => '1',
  'equipment_id' => '1',
  'equipment_name' => '&quot;好装备&quot;',
  'user_id' => '1',
  'price' => '120',
  'currency_type' => '1',
)
[ info ] [ RUN ] app\api\controller\AuctionLog->addAuction[ E:\phpstudy\PHPTutorial\WWW\wow_game\application\api\controller\AuctionLog.php ]
[ info ] [ RUN ] app\admin\controller\AuctionLog->add[ E:\phpstudy\PHPTutorial\WWW\wow_game\application\admin\traits\controller\Controller.php ]
[ info ] [ DB ] INIT mysql
[ info ] [ LOG ] INIT File
[ sql ] [ DB ] CONNECT:[ UseTime:0.005000s ] mysql:dbname=wow_game;host=127.0.0.1;charset=utf8
[ sql ] [ SQL ] SHOW COLUMNS FROM `wow_auction_log` [ RunTime:0.036002s ]
[ sql ] [ SQL ] SELECT max(price) as price FROM `wow_auction_log` WHERE  `team_id` = 1  AND `equipment_id` = 1 LIMIT 1 [ RunTime:0.001000s ]

---------------------------------------------------------------
[ 2020-03-17T16:27:10+08:00 ] 127.0.0.1 127.0.0.1 POST /index.php/api/auction_log/addauction
[ log ] wow_game.net/index.php/api/auction_log/addauction [运行时间：0.157009s][吞吐率：6.37req/s] [内存消耗：1,786.37kb] [文件加载：54]
[ info ] [ LANG ] E:\phpstudy\PHPTutorial\WWW\wow_game\thinkphp\lang\zh-cn.php
[ info ] [ ROUTE ] array (
  'type' => 'module',
  'module' => 
  array (
    0 => 'api',
    1 => 'auction_log',
    2 => 'addauction',
  ),
)
[ info ] [ HEADER ] array (
  'connection' => 'close',
  'content-length' => '109',
  'accept-encoding' => 'gzip, deflate, br',
  'host' => 'wow_game.net',
  'postman-token' => 'a633b248-0f99-4fb1-b341-8422f6e7a3d7',
  'cache-control' => 'no-cache',
  'accept' => '*/*',
  'user-agent' => 'PostmanRuntime/7.23.0',
  'content-type' => 'application/x-www-form-urlencoded',
)
[ info ] [ PARAM ] array (
  'team_id' => '1',
  'equipment_id' => '1',
  'equipment_name' => '&quot;好装备&quot;',
  'user_id' => '1',
  'price' => '120',
  'currency_type' => '1',
)
[ info ] [ RUN ] app\api\controller\AuctionLog->addAuction[ E:\phpstudy\PHPTutorial\WWW\wow_game\application\api\controller\AuctionLog.php ]
[ info ] [ RUN ] app\admin\controller\AuctionLog->add[ E:\phpstudy\PHPTutorial\WWW\wow_game\application\admin\traits\controller\Controller.php ]
[ info ] [ DB ] INIT mysql
[ info ] [ LOG ] INIT File
[ sql ] [ DB ] CONNECT:[ UseTime:0.015001s ] mysql:dbname=wow_game;host=127.0.0.1;charset=utf8
[ sql ] [ SQL ] SHOW COLUMNS FROM `wow_auction_log` [ RunTime:0.037002s ]
[ sql ] [ SQL ] SELECT max(price) as price FROM `wow_auction_log` WHERE  `team_id` = 1  AND `equipment_id` = 1 LIMIT 1 [ RunTime:0.001000s ]

---------------------------------------------------------------
[ 2020-03-17T16:27:23+08:00 ] 127.0.0.1 127.0.0.1 POST /index.php/api/auction_log/addauction
[ log ] wow_game.net/index.php/api/auction_log/addauction [运行时间：0.146009s][吞吐率：6.85req/s] [内存消耗：1,786.34kb] [文件加载：54]
[ info ] [ LANG ] E:\phpstudy\PHPTutorial\WWW\wow_game\thinkphp\lang\zh-cn.php
[ info ] [ ROUTE ] array (
  'type' => 'module',
  'module' => 
  array (
    0 => 'api',
    1 => 'auction_log',
    2 => 'addauction',
  ),
)
[ info ] [ HEADER ] array (
  'connection' => 'close',
  'content-length' => '109',
  'accept-encoding' => 'gzip, deflate, br',
  'host' => 'wow_game.net',
  'postman-token' => 'fd735543-c07a-4ef5-bc3c-1fe6a0e79f4b',
  'cache-control' => 'no-cache',
  'accept' => '*/*',
  'user-agent' => 'PostmanRuntime/7.23.0',
  'content-type' => 'application/x-www-form-urlencoded',
)
[ info ] [ PARAM ] array (
  'team_id' => '1',
  'equipment_id' => '1',
  'equipment_name' => '&quot;好装备&quot;',
  'user_id' => '1',
  'price' => '120',
  'currency_type' => '1',
)
[ info ] [ RUN ] app\api\controller\AuctionLog->addAuction[ E:\phpstudy\PHPTutorial\WWW\wow_game\application\api\controller\AuctionLog.php ]
[ info ] [ RUN ] app\admin\controller\AuctionLog->add[ E:\phpstudy\PHPTutorial\WWW\wow_game\application\admin\traits\controller\Controller.php ]
[ info ] [ DB ] INIT mysql
[ info ] [ LOG ] INIT File
[ sql ] [ DB ] CONNECT:[ UseTime:0.015001s ] mysql:dbname=wow_game;host=127.0.0.1;charset=utf8
[ sql ] [ SQL ] SHOW COLUMNS FROM `wow_auction_log` [ RunTime:0.037002s ]
[ sql ] [ SQL ] SELECT max(price) as price FROM `wow_auction_log` WHERE  `team_id` = 1  AND `equipment_id` = 1 LIMIT 1 [ RunTime:0.001000s ]

---------------------------------------------------------------
[ 2020-03-17T16:28:17+08:00 ] 127.0.0.1 127.0.0.1 POST /index.php/api/auction_log/addauction
[ log ] wow_game.net/index.php/api/auction_log/addauction [运行时间：0.139008s][吞吐率：7.19req/s] [内存消耗：1,786.09kb] [文件加载：54]
[ info ] [ LANG ] E:\phpstudy\PHPTutorial\WWW\wow_game\thinkphp\lang\zh-cn.php
[ info ] [ ROUTE ] array (
  'type' => 'module',
  'module' => 
  array (
    0 => 'api',
    1 => 'auction_log',
    2 => 'addauction',
  ),
)
[ info ] [ HEADER ] array (
  'connection' => 'close',
  'content-length' => '109',
  'accept-encoding' => 'gzip, deflate, br',
  'host' => 'wow_game.net',
  'postman-token' => 'a436aa88-5c93-4e0d-ae74-ad6e46561c00',
  'cache-control' => 'no-cache',
  'accept' => '*/*',
  'user-agent' => 'PostmanRuntime/7.23.0',
  'content-type' => 'application/x-www-form-urlencoded',
)
[ info ] [ PARAM ] array (
  'team_id' => '1',
  'equipment_id' => '1',
  'equipment_name' => '&quot;好装备&quot;',
  'user_id' => '1',
  'price' => '120',
  'currency_type' => '1',
)
[ info ] [ RUN ] app\api\controller\AuctionLog->addAuction[ E:\phpstudy\PHPTutorial\WWW\wow_game\application\api\controller\AuctionLog.php ]
[ info ] [ RUN ] app\admin\controller\AuctionLog->add[ E:\phpstudy\PHPTutorial\WWW\wow_game\application\admin\traits\controller\Controller.php ]
[ info ] [ DB ] INIT mysql
[ info ] [ LOG ] INIT File
[ sql ] [ DB ] CONNECT:[ UseTime:0.006000s ] mysql:dbname=wow_game;host=127.0.0.1;charset=utf8
[ sql ] [ SQL ] SHOW COLUMNS FROM `wow_auction_log` [ RunTime:0.034002s ]
[ sql ] [ SQL ] SELECT max(price) as price FROM `wow_auction_log` WHERE  `team_id` = 1  AND `equipment_id` = 1 LIMIT 1 [ RunTime:0.001000s ]

---------------------------------------------------------------
[ 2020-03-17T16:28:50+08:00 ] 127.0.0.1 127.0.0.1 POST /index.php/api/auction_log/addauction
[ log ] wow_game.net/index.php/api/auction_log/addauction [运行时间：0.121007s][吞吐率：8.26req/s] [内存消耗：1,786.34kb] [文件加载：54]
[ info ] [ LANG ] E:\phpstudy\PHPTutorial\WWW\wow_game\thinkphp\lang\zh-cn.php
[ info ] [ ROUTE ] array (
  'type' => 'module',
  'module' => 
  array (
    0 => 'api',
    1 => 'auction_log',
    2 => 'addauction',
  ),
)
[ info ] [ HEADER ] array (
  'connection' => 'close',
  'content-length' => '109',
  'accept-encoding' => 'gzip, deflate, br',
  'host' => 'wow_game.net',
  'postman-token' => 'dc586e65-6260-43f0-918d-2e1bf126d64c',
  'cache-control' => 'no-cache',
  'accept' => '*/*',
  'user-agent' => 'PostmanRuntime/7.23.0',
  'content-type' => 'application/x-www-form-urlencoded',
)
[ info ] [ PARAM ] array (
  'team_id' => '1',
  'equipment_id' => '1',
  'equipment_name' => '&quot;好装备&quot;',
  'user_id' => '1',
  'price' => '120',
  'currency_type' => '1',
)
[ info ] [ RUN ] app\api\controller\AuctionLog->addAuction[ E:\phpstudy\PHPTutorial\WWW\wow_game\application\api\controller\AuctionLog.php ]
[ info ] [ RUN ] app\admin\controller\AuctionLog->add[ E:\phpstudy\PHPTutorial\WWW\wow_game\application\admin\traits\controller\Controller.php ]
[ info ] [ DB ] INIT mysql
[ info ] [ LOG ] INIT File
[ sql ] [ DB ] CONNECT:[ UseTime:0.006000s ] mysql:dbname=wow_game;host=127.0.0.1;charset=utf8
[ sql ] [ SQL ] SHOW COLUMNS FROM `wow_auction_log` [ RunTime:0.037003s ]
[ sql ] [ SQL ] SELECT max(price) as price FROM `wow_auction_log` WHERE  `team_id` = 1  AND `equipment_id` = 1 LIMIT 1 [ RunTime:0.001000s ]

---------------------------------------------------------------
[ 2020-03-17T16:29:13+08:00 ] 127.0.0.1 127.0.0.1 POST /index.php/api/auction_log/addauction
[ log ] wow_game.net/index.php/api/auction_log/addauction [运行时间：0.146008s][吞吐率：6.85req/s] [内存消耗：2,051.02kb] [文件加载：59]
[ info ] [ LANG ] E:\phpstudy\PHPTutorial\WWW\wow_game\thinkphp\lang\zh-cn.php
[ info ] [ ROUTE ] array (
  'type' => 'module',
  'module' => 
  array (
    0 => 'api',
    1 => 'auction_log',
    2 => 'addauction',
  ),
)
[ info ] [ HEADER ] array (
  'connection' => 'close',
  'content-length' => '109',
  'accept-encoding' => 'gzip, deflate, br',
  'host' => 'wow_game.net',
  'postman-token' => '3c543d19-6204-497e-91dc-896d0955ea6d',
  'cache-control' => 'no-cache',
  'accept' => '*/*',
  'user-agent' => 'PostmanRuntime/7.23.0',
  'content-type' => 'application/x-www-form-urlencoded',
)
[ info ] [ PARAM ] array (
  'team_id' => '1',
  'equipment_id' => '1',
  'equipment_name' => '&quot;好装备&quot;',
  'user_id' => '1',
  'price' => '120',
  'currency_type' => '1',
)
[ info ] [ RUN ] app\api\controller\AuctionLog->addAuction[ E:\phpstudy\PHPTutorial\WWW\wow_game\application\api\controller\AuctionLog.php ]
[ info ] [ RUN ] app\admin\controller\AuctionLog->add[ E:\phpstudy\PHPTutorial\WWW\wow_game\application\admin\traits\controller\Controller.php ]
[ info ] [ DB ] INIT mysql
[ info ] [ LOG ] INIT File
[ sql ] [ DB ] CONNECT:[ UseTime:0.007001s ] mysql:dbname=wow_game;host=127.0.0.1;charset=utf8
[ sql ] [ SQL ] SHOW COLUMNS FROM `wow_auction_log` [ RunTime:0.037002s ]
[ sql ] [ SQL ] SELECT max(price) as price FROM `wow_auction_log` WHERE  `team_id` = 1  AND `equipment_id` = 1 LIMIT 1 [ RunTime:0.001000s ]
[ sql ] [ SQL ] INSERT INTO `wow_auction_log` (`team_id` , `equipment_id` , `equipment_name` , `user_id` , `price` , `currency_type`) VALUES (1 , 1 , '&quot;好装备&quot;' , 1 , 120 , 1) [ RunTime:0.002000s ]

---------------------------------------------------------------
[ 2020-03-17T16:29:39+08:00 ] 127.0.0.1 127.0.0.1 POST /index.php/api/auction_log/addauction
[ log ] wow_game.net/index.php/api/auction_log/addauction [运行时间：0.135007s][吞吐率：7.41req/s] [内存消耗：1,836.04kb] [文件加载：57]
[ info ] [ LANG ] E:\phpstudy\PHPTutorial\WWW\wow_game\thinkphp\lang\zh-cn.php
[ info ] [ ROUTE ] array (
  'type' => 'module',
  'module' => 
  array (
    0 => 'api',
    1 => 'auction_log',
    2 => 'addauction',
  ),
)
[ info ] [ HEADER ] array (
  'connection' => 'close',
  'content-length' => '109',
  'accept-encoding' => 'gzip, deflate, br',
  'host' => 'wow_game.net',
  'postman-token' => '3bbee38e-5d89-4ba2-be12-755e0b682ea8',
  'cache-control' => 'no-cache',
  'accept' => '*/*',
  'user-agent' => 'PostmanRuntime/7.23.0',
  'content-type' => 'application/x-www-form-urlencoded',
)
[ info ] [ PARAM ] array (
  'team_id' => '1',
  'equipment_id' => '1',
  'equipment_name' => '&quot;好装备&quot;',
  'user_id' => '1',
  'price' => '119',
  'currency_type' => '1',
)
[ info ] [ RUN ] app\api\controller\AuctionLog->addAuction[ E:\phpstudy\PHPTutorial\WWW\wow_game\application\api\controller\AuctionLog.php ]
[ info ] [ RUN ] app\admin\controller\AuctionLog->add[ E:\phpstudy\PHPTutorial\WWW\wow_game\application\admin\traits\controller\Controller.php ]
[ info ] [ DB ] INIT mysql
[ info ] [ LOG ] INIT File
[ sql ] [ DB ] CONNECT:[ UseTime:0.007001s ] mysql:dbname=wow_game;host=127.0.0.1;charset=utf8
[ sql ] [ SQL ] SHOW COLUMNS FROM `wow_auction_log` [ RunTime:0.035002s ]
[ sql ] [ SQL ] SELECT max(price) as price FROM `wow_auction_log` WHERE  `team_id` = 1  AND `equipment_id` = 1 LIMIT 1 [ RunTime:0.001000s ]

---------------------------------------------------------------
[ 2020-03-17T16:32:02+08:00 ] 127.0.0.1 127.0.0.1 POST /index.php/api/auction_log/addauction
[ log ] wow_game.net/index.php/api/auction_log/addauction [运行时间：0.160009s][吞吐率：6.25req/s] [内存消耗：2,052.30kb] [文件加载：59]
[ info ] [ LANG ] E:\phpstudy\PHPTutorial\WWW\wow_game\thinkphp\lang\zh-cn.php
[ info ] [ ROUTE ] array (
  'type' => 'module',
  'module' => 
  array (
    0 => 'api',
    1 => 'auction_log',
    2 => 'addauction',
  ),
)
[ info ] [ HEADER ] array (
  'connection' => 'close',
  'content-length' => '109',
  'accept-encoding' => 'gzip, deflate, br',
  'host' => 'wow_game.net',
  'postman-token' => '27840cf4-1c94-481f-8fa5-6c918f90a8f9',
  'cache-control' => 'no-cache',
  'accept' => '*/*',
  'user-agent' => 'PostmanRuntime/7.23.0',
  'content-type' => 'application/x-www-form-urlencoded',
)
[ info ] [ PARAM ] array (
  'team_id' => '1',
  'equipment_id' => '1',
  'equipment_name' => '&quot;好装备&quot;',
  'user_id' => '1',
  'price' => '120',
  'currency_type' => '1',
)
[ info ] [ RUN ] app\api\controller\AuctionLog->addAuction[ E:\phpstudy\PHPTutorial\WWW\wow_game\application\api\controller\AuctionLog.php ]
[ info ] [ RUN ] app\admin\controller\AuctionLog->add[ E:\phpstudy\PHPTutorial\WWW\wow_game\application\admin\traits\controller\Controller.php ]
[ info ] [ DB ] INIT mysql
[ info ] [ LOG ] INIT File
[ sql ] [ DB ] CONNECT:[ UseTime:0.005001s ] mysql:dbname=wow_game;host=127.0.0.1;charset=utf8
[ sql ] [ SQL ] SHOW COLUMNS FROM `wow_auction_log` [ RunTime:0.039002s ]
[ sql ] [ SQL ] SELECT max(price) as price FROM `wow_auction_log` WHERE  `team_id` = 1  AND `equipment_id` = 1 LIMIT 1 [ RunTime:0.001000s ]
[ sql ] [ SQL ] INSERT INTO `wow_auction_log` (`team_id` , `equipment_id` , `equipment_name` , `user_id` , `price` , `currency_type` , `update_time` , `create_time`) VALUES (1 , 1 , '&quot;好装备&quot;' , 1 , 120 , 1 , 1584433921 , 1584433921) [ RunTime:0.002001s ]

---------------------------------------------------------------
[ 2020-03-17T16:32:10+08:00 ] 127.0.0.1 127.0.0.1 POST /index.php/api/auction_log/addauction
[ log ] wow_game.net/index.php/api/auction_log/addauction [运行时间：0.362021s][吞吐率：2.76req/s] [内存消耗：2,052.30kb] [文件加载：59]
[ info ] [ LANG ] E:\phpstudy\PHPTutorial\WWW\wow_game\thinkphp\lang\zh-cn.php
[ info ] [ ROUTE ] array (
  'type' => 'module',
  'module' => 
  array (
    0 => 'api',
    1 => 'auction_log',
    2 => 'addauction',
  ),
)
[ info ] [ HEADER ] array (
  'connection' => 'close',
  'content-length' => '109',
  'accept-encoding' => 'gzip, deflate, br',
  'host' => 'wow_game.net',
  'postman-token' => '96c54cad-3191-4399-bc9a-442c9c1735ac',
  'cache-control' => 'no-cache',
  'accept' => '*/*',
  'user-agent' => 'PostmanRuntime/7.23.0',
  'content-type' => 'application/x-www-form-urlencoded',
)
[ info ] [ PARAM ] array (
  'team_id' => '1',
  'equipment_id' => '1',
  'equipment_name' => '&quot;好装备&quot;',
  'user_id' => '1',
  'price' => '125',
  'currency_type' => '1',
)
[ info ] [ RUN ] app\api\controller\AuctionLog->addAuction[ E:\phpstudy\PHPTutorial\WWW\wow_game\application\api\controller\AuctionLog.php ]
[ info ] [ RUN ] app\admin\controller\AuctionLog->add[ E:\phpstudy\PHPTutorial\WWW\wow_game\application\admin\traits\controller\Controller.php ]
[ info ] [ DB ] INIT mysql
[ info ] [ LOG ] INIT File
[ sql ] [ DB ] CONNECT:[ UseTime:0.202011s ] mysql:dbname=wow_game;host=127.0.0.1;charset=utf8
[ sql ] [ SQL ] SHOW COLUMNS FROM `wow_auction_log` [ RunTime:0.037002s ]
[ sql ] [ SQL ] SELECT max(price) as price FROM `wow_auction_log` WHERE  `team_id` = 1  AND `equipment_id` = 1 LIMIT 1 [ RunTime:0.001001s ]
[ sql ] [ SQL ] INSERT INTO `wow_auction_log` (`team_id` , `equipment_id` , `equipment_name` , `user_id` , `price` , `currency_type` , `update_time` , `create_time`) VALUES (1 , 1 , '&quot;好装备&quot;' , 1 , 125 , 1 , 1584433930 , 1584433930) [ RunTime:0.001000s ]

---------------------------------------------------------------
[ 2020-03-17T16:32:54+08:00 ] 127.0.0.1 127.0.0.1 POST /index.php/api/auction_log/addauction
[ log ] wow_game.net/index.php/api/auction_log/addauction [运行时间：0.132007s][吞吐率：7.58req/s] [内存消耗：1,786.13kb] [文件加载：54]
[ info ] [ LANG ] E:\phpstudy\PHPTutorial\WWW\wow_game\thinkphp\lang\zh-cn.php
[ info ] [ ROUTE ] array (
  'type' => 'module',
  'module' => 
  array (
    0 => 'api',
    1 => 'auction_log',
    2 => 'addauction',
  ),
)
[ info ] [ HEADER ] array (
  'connection' => 'close',
  'content-length' => '109',
  'accept-encoding' => 'gzip, deflate, br',
  'host' => 'wow_game.net',
  'postman-token' => '94a64288-696e-4f6a-9a5e-6138562176b0',
  'cache-control' => 'no-cache',
  'accept' => '*/*',
  'user-agent' => 'PostmanRuntime/7.23.0',
  'content-type' => 'application/x-www-form-urlencoded',
)
[ info ] [ PARAM ] array (
  'team_id' => '1',
  'equipment_id' => '1',
  'equipment_name' => '&quot;好装备&quot;',
  'user_id' => '1',
  'price' => '123',
  'currency_type' => '1',
)
[ info ] [ RUN ] app\api\controller\AuctionLog->addAuction[ E:\phpstudy\PHPTutorial\WWW\wow_game\application\api\controller\AuctionLog.php ]
[ info ] [ RUN ] app\admin\controller\AuctionLog->add[ E:\phpstudy\PHPTutorial\WWW\wow_game\application\admin\traits\controller\Controller.php ]
[ info ] [ DB ] INIT mysql
[ info ] [ LOG ] INIT File
[ sql ] [ DB ] CONNECT:[ UseTime:0.008000s ] mysql:dbname=wow_game;host=127.0.0.1;charset=utf8
[ sql ] [ SQL ] SHOW COLUMNS FROM `wow_auction_log` [ RunTime:0.037002s ]
[ sql ] [ SQL ] SELECT max(price) as price FROM `wow_auction_log` WHERE  `team_id` = 1  AND `equipment_id` = 1 LIMIT 1 [ RunTime:0.002000s ]

---------------------------------------------------------------
[ 2020-03-17T16:33:09+08:00 ] 127.0.0.1 127.0.0.1 POST /index.php/api/auction_log/addauction
[ log ] wow_game.net/index.php/api/auction_log/addauction [运行时间：0.141009s][吞吐率：7.09req/s] [内存消耗：1,836.05kb] [文件加载：57]
[ info ] [ LANG ] E:\phpstudy\PHPTutorial\WWW\wow_game\thinkphp\lang\zh-cn.php
[ info ] [ ROUTE ] array (
  'type' => 'module',
  'module' => 
  array (
    0 => 'api',
    1 => 'auction_log',
    2 => 'addauction',
  ),
)
[ info ] [ HEADER ] array (
  'connection' => 'close',
  'content-length' => '109',
  'accept-encoding' => 'gzip, deflate, br',
  'host' => 'wow_game.net',
  'postman-token' => 'c19a8dec-bc6c-4eda-96ee-c01731312acb',
  'cache-control' => 'no-cache',
  'accept' => '*/*',
  'user-agent' => 'PostmanRuntime/7.23.0',
  'content-type' => 'application/x-www-form-urlencoded',
)
[ info ] [ PARAM ] array (
  'team_id' => '1',
  'equipment_id' => '1',
  'equipment_name' => '&quot;好装备&quot;',
  'user_id' => '1',
  'price' => '123',
  'currency_type' => '1',
)
[ info ] [ RUN ] app\api\controller\AuctionLog->addAuction[ E:\phpstudy\PHPTutorial\WWW\wow_game\application\api\controller\AuctionLog.php ]
[ info ] [ RUN ] app\admin\controller\AuctionLog->add[ E:\phpstudy\PHPTutorial\WWW\wow_game\application\admin\traits\controller\Controller.php ]
[ info ] [ DB ] INIT mysql
[ info ] [ LOG ] INIT File
[ sql ] [ DB ] CONNECT:[ UseTime:0.010001s ] mysql:dbname=wow_game;host=127.0.0.1;charset=utf8
[ sql ] [ SQL ] SHOW COLUMNS FROM `wow_auction_log` [ RunTime:0.036002s ]
[ sql ] [ SQL ] SELECT max(price) as price FROM `wow_auction_log` WHERE  `team_id` = 1  AND `equipment_id` = 1 LIMIT 1 [ RunTime:0.001000s ]

---------------------------------------------------------------
[ 2020-03-17T16:35:12+08:00 ] 127.0.0.1 127.0.0.1 POST /index.php/api/auction_log/addauction
[ log ] wow_game.net/index.php/api/auction_log/addauction [运行时间：0.154009s][吞吐率：6.49req/s] [内存消耗：1,836.05kb] [文件加载：57]
[ info ] [ LANG ] E:\phpstudy\PHPTutorial\WWW\wow_game\thinkphp\lang\zh-cn.php
[ info ] [ ROUTE ] array (
  'type' => 'module',
  'module' => 
  array (
    0 => 'api',
    1 => 'auction_log',
    2 => 'addauction',
  ),
)
[ info ] [ HEADER ] array (
  'connection' => 'close',
  'content-length' => '109',
  'accept-encoding' => 'gzip, deflate, br',
  'host' => 'wow_game.net',
  'postman-token' => 'cf74e053-a0f7-4a5a-b6ea-ee0157a6fbe4',
  'cache-control' => 'no-cache',
  'accept' => '*/*',
  'user-agent' => 'PostmanRuntime/7.23.0',
  'content-type' => 'application/x-www-form-urlencoded',
)
[ info ] [ PARAM ] array (
  'team_id' => '1',
  'equipment_id' => '1',
  'equipment_name' => '&quot;好装备&quot;',
  'user_id' => '1',
  'price' => '123',
  'currency_type' => '1',
)
[ info ] [ RUN ] app\api\controller\AuctionLog->addAuction[ E:\phpstudy\PHPTutorial\WWW\wow_game\application\api\controller\AuctionLog.php ]
[ info ] [ RUN ] app\admin\controller\AuctionLog->add[ E:\phpstudy\PHPTutorial\WWW\wow_game\application\admin\traits\controller\Controller.php ]
[ info ] [ DB ] INIT mysql
[ info ] [ LOG ] INIT File
[ sql ] [ DB ] CONNECT:[ UseTime:0.008001s ] mysql:dbname=wow_game;host=127.0.0.1;charset=utf8
[ sql ] [ SQL ] SHOW COLUMNS FROM `wow_auction_log` [ RunTime:0.041002s ]
[ sql ] [ SQL ] SELECT max(price) as price FROM `wow_auction_log` WHERE  `team_id` = 1  AND `equipment_id` = 1 LIMIT 1 [ RunTime:0.001000s ]

---------------------------------------------------------------
[ 2020-03-17T16:36:45+08:00 ] 127.0.0.1 127.0.0.1 POST /index.php/api/auction_log/addauction
[ log ] wow_game.net/index.php/api/auction_log/addauction [运行时间：0.148008s][吞吐率：6.76req/s] [内存消耗：2,052.26kb] [文件加载：59]
[ info ] [ LANG ] E:\phpstudy\PHPTutorial\WWW\wow_game\thinkphp\lang\zh-cn.php
[ info ] [ ROUTE ] array (
  'type' => 'module',
  'module' => 
  array (
    0 => 'api',
    1 => 'auction_log',
    2 => 'addauction',
  ),
)
[ info ] [ HEADER ] array (
  'connection' => 'close',
  'content-length' => '103',
  'accept-encoding' => 'gzip, deflate, br',
  'host' => 'wow_game.net',
  'postman-token' => '83a1879a-e918-4b65-b570-d1fd482d41a9',
  'cache-control' => 'no-cache',
  'accept' => '*/*',
  'user-agent' => 'PostmanRuntime/7.23.0',
  'content-type' => 'application/x-www-form-urlencoded',
)
[ info ] [ PARAM ] array (
  'team_id' => '1',
  'equipment_id' => '1',
  'equipment_name' => '好装备',
  'user_id' => '1',
  'price' => '129',
  'currency_type' => '1',
)
[ info ] [ RUN ] app\api\controller\AuctionLog->addAuction[ E:\phpstudy\PHPTutorial\WWW\wow_game\application\api\controller\AuctionLog.php ]
[ info ] [ RUN ] app\admin\controller\AuctionLog->add[ E:\phpstudy\PHPTutorial\WWW\wow_game\application\admin\traits\controller\Controller.php ]
[ info ] [ DB ] INIT mysql
[ info ] [ LOG ] INIT File
[ sql ] [ DB ] CONNECT:[ UseTime:0.008000s ] mysql:dbname=wow_game;host=127.0.0.1;charset=utf8
[ sql ] [ SQL ] SHOW COLUMNS FROM `wow_auction_log` [ RunTime:0.036002s ]
[ sql ] [ SQL ] SELECT max(price) as price FROM `wow_auction_log` WHERE  `team_id` = 1  AND `equipment_id` = 1 LIMIT 1 [ RunTime:0.001000s ]
[ sql ] [ SQL ] INSERT INTO `wow_auction_log` (`team_id` , `equipment_id` , `equipment_name` , `user_id` , `price` , `currency_type` , `update_time` , `create_time`) VALUES (1 , 1 , '好装备' , 1 , 129 , 1 , 1584434205 , 1584434205) [ RunTime:0.001000s ]

---------------------------------------------------------------
