[ 2020-03-20T11:51:20+08:00 ] 127.0.0.1 127.0.0.1 POST /index.php/api/team/getlist/team_id/1
[ log ] www.wow_game.com/index.php/api/team/getlist/team_id/1 [运行时间：1.116131s][吞吐率：0.90req/s] [内存消耗：2,080.48kb] [文件加载：59]
[ info ] [ LANG ] D:\ruanjiananzhuang\phpstudy\PHPTutorial\WWW\wow_game\thinkphp\lang\zh-cn.php
[ info ] [ ROUTE ] array (
  'type' => 'module',
  'module' => 
  array (
    0 => 'api',
    1 => 'team',
    2 => 'getlist',
  ),
)
[ info ] [ HEADER ] array (
  'connection' => 'close',
  'content-length' => '0',
  'accept-encoding' => 'gzip, deflate',
  'host' => 'www.wow_game.com',
  'accept' => '*/*',
  'user-agent' => 'PostmanRuntime/7.1.1',
  'postman-token' => '60a3c5d0-d43f-4deb-9a47-c718a44030e6',
  'cache-control' => 'no-cache',
)
[ info ] [ PARAM ] array (
  'team_id' => '1',
)
[ info ] [ RUN ] app\api\controller\Team->getList[ D:\ruanjiananzhuang\phpstudy\PHPTutorial\WWW\wow_game\application\api\traits\controller\Controller.php ]
[ info ] [ DB ] INIT mysql
[ info ] [ LOG ] INIT File
[ sql ] [ DB ] CONNECT:[ UseTime:0.002725s ] mysql:dbname=wow_game;host=127.0.0.1;charset=utf8
[ sql ] [ SQL ] SHOW COLUMNS FROM `wow_team` [ RunTime:0.202123s ]
[ sql ] [ SQL ] SELECT COUNT(*) AS tp_count FROM `wow_team` LIMIT 1 [ RunTime:0.032042s ]
[ sql ] [ SQL ] SELECT * FROM `wow_team` ORDER BY id desc LIMIT 0,20 [ RunTime:0.000275s ]

---------------------------------------------------------------
[ 2020-03-20T12:00:33+08:00 ] 127.0.0.1 127.0.0.1 POST /index.php/api/team_member/getlist/team_id/1
[ log ] www.wow_game.com/index.php/api/team_member/getlist/team_id/1 [运行时间：0.154927s][吞吐率：6.45req/s] [内存消耗：2,082.33kb] [文件加载：59]
[ info ] [ LANG ] D:\ruanjiananzhuang\phpstudy\PHPTutorial\WWW\wow_game\thinkphp\lang\zh-cn.php
[ info ] [ ROUTE ] array (
  'type' => 'module',
  'module' => 
  array (
    0 => 'api',
    1 => 'team_member',
    2 => 'getlist',
  ),
)
[ info ] [ HEADER ] array (
  'connection' => 'close',
  'content-length' => '487',
  'accept-encoding' => 'gzip, deflate',
  'host' => 'www.wow_game.com',
  'accept' => '*/*',
  'user-agent' => 'PostmanRuntime/7.1.1',
  'postman-token' => 'd5162542-3027-4a97-adfd-d61a7e744bed',
  'cache-control' => 'no-cache',
  'content-type' => 'multipart/form-data; boundary=--------------------------394537361897711900163255',
)
[ info ] [ PARAM ] array (
  'room_number' => '',
  'service_id' => '',
  'camp_id' => '',
  'role_id' => '',
  'team_id' => '1',
)
[ info ] [ RUN ] app\api\controller\TeamMember->getList[ D:\ruanjiananzhuang\phpstudy\PHPTutorial\WWW\wow_game\application\api\traits\controller\Controller.php ]
[ info ] [ DB ] INIT mysql
[ info ] [ LOG ] INIT File
[ sql ] [ DB ] CONNECT:[ UseTime:0.001431s ] mysql:dbname=wow_game;host=127.0.0.1;charset=utf8
[ sql ] [ SQL ] SHOW COLUMNS FROM `wow_team_member` [ RunTime:0.057988s ]
[ sql ] [ SQL ] SELECT COUNT(*) AS tp_count FROM `wow_team_member` WHERE  `team_id` = 1 LIMIT 1 [ RunTime:0.011474s ]
[ sql ] [ SQL ] SELECT * FROM `wow_team_member` WHERE  `team_id` = 1 ORDER BY id desc LIMIT 0,20 [ RunTime:0.000220s ]

---------------------------------------------------------------
[ 2020-03-20T12:12:59+08:00 ] 127.0.0.1 127.0.0.1 GET /index.php/api/role/getlist/user_id/1
[ log ] www.wow_game.com/index.php/api/role/getlist/user_id/1 [运行时间：0.187773s][吞吐率：5.33req/s] [内存消耗：2,081.85kb] [文件加载：59]
[ info ] [ LANG ] D:\ruanjiananzhuang\phpstudy\PHPTutorial\WWW\wow_game\thinkphp\lang\zh-cn.php
[ info ] [ ROUTE ] array (
  'type' => 'module',
  'module' => 
  array (
    0 => 'api',
    1 => 'role',
    2 => 'getlist',
  ),
)
[ info ] [ HEADER ] array (
  'connection' => 'close',
  'accept-encoding' => 'gzip, deflate',
  'host' => 'www.wow_game.com',
  'accept' => '*/*',
  'user-agent' => 'PostmanRuntime/7.1.1',
  'postman-token' => '09447954-de96-460a-81ef-c9bdc68193c0',
  'cache-control' => 'no-cache',
)
[ info ] [ PARAM ] array (
  'user_id' => '1',
)
[ info ] [ RUN ] app\api\controller\Role->getList[ D:\ruanjiananzhuang\phpstudy\PHPTutorial\WWW\wow_game\application\api\traits\controller\Controller.php ]
[ info ] [ DB ] INIT mysql
[ info ] [ LOG ] INIT File
[ sql ] [ DB ] CONNECT:[ UseTime:0.001422s ] mysql:dbname=wow_game;host=127.0.0.1;charset=utf8
[ sql ] [ SQL ] SHOW COLUMNS FROM `wow_role` [ RunTime:0.066139s ]
[ sql ] [ SQL ] SELECT COUNT(*) AS tp_count FROM `wow_role` WHERE  `user_id` = 1 LIMIT 1 [ RunTime:0.000414s ]
[ sql ] [ SQL ] SELECT * FROM `wow_role` WHERE  `user_id` = 1 ORDER BY id desc LIMIT 0,20 [ RunTime:0.000435s ]

---------------------------------------------------------------
[ 2020-03-20T18:01:28+08:00 ] 127.0.0.1 127.0.0.1 POST /index.php/api/team_member/getlist/team_id/1
[ log ] www.wow_game.com/index.php/api/team_member/getlist/team_id/1 [运行时间：1.416841s][吞吐率：0.71req/s] [内存消耗：2,092.31kb] [文件加载：59]
[ info ] [ LANG ] D:\ruanjiananzhuang\phpstudy\PHPTutorial\WWW\wow_game\thinkphp\lang\zh-cn.php
[ info ] [ ROUTE ] array (
  'type' => 'module',
  'module' => 
  array (
    0 => 'api',
    1 => 'team_member',
    2 => 'getlist',
  ),
)
[ info ] [ HEADER ] array (
  'connection' => 'close',
  'content-length' => '487',
  'accept-encoding' => 'gzip, deflate',
  'host' => 'www.wow_game.com',
  'accept' => '*/*',
  'user-agent' => 'PostmanRuntime/7.1.1',
  'postman-token' => '81385817-50d7-489c-a208-9f1b4bb88fb7',
  'cache-control' => 'no-cache',
  'content-type' => 'multipart/form-data; boundary=--------------------------909435978253105542841190',
)
[ info ] [ PARAM ] array (
  'room_number' => '',
  'service_id' => '',
  'camp_id' => '',
  'role_id' => '',
  'team_id' => '1',
)
[ info ] [ RUN ] app\api\controller\TeamMember->getList[ D:\ruanjiananzhuang\phpstudy\PHPTutorial\WWW\wow_game\application\api\traits\controller\Controller.php ]
[ info ] [ DB ] INIT mysql
[ info ] [ LOG ] INIT File
[ sql ] [ DB ] CONNECT:[ UseTime:0.028219s ] mysql:dbname=wow_game;host=127.0.0.1;charset=utf8
[ sql ] [ SQL ] SHOW COLUMNS FROM `wow_team_member` [ RunTime:0.085692s ]
[ sql ] [ SQL ] SELECT COUNT(*) AS tp_count FROM `wow_team_member` WHERE  `team_id` = 1 LIMIT 1 [ RunTime:0.037704s ]
[ sql ] [ SQL ] SELECT * FROM `wow_team_member` WHERE  `team_id` = 1 ORDER BY id desc LIMIT 0,20 [ RunTime:0.000378s ]

---------------------------------------------------------------
[ 2020-03-20T18:02:52+08:00 ] 127.0.0.1 127.0.0.1 GET /index.php/api/team_member/getlist/team_id/1
[ log ] www.wow_game.com/index.php/api/team_member/getlist/team_id/1 [运行时间：0.050002s][吞吐率：20.00req/s] [内存消耗：2,091.82kb] [文件加载：59]
[ info ] [ LANG ] D:\ruanjiananzhuang\phpstudy\PHPTutorial\WWW\wow_game\thinkphp\lang\zh-cn.php
[ info ] [ ROUTE ] array (
  'type' => 'module',
  'module' => 
  array (
    0 => 'api',
    1 => 'team_member',
    2 => 'getlist',
  ),
)
[ info ] [ HEADER ] array (
  'connection' => 'close',
  'accept-encoding' => 'gzip, deflate',
  'host' => 'www.wow_game.com',
  'accept' => '*/*',
  'user-agent' => 'PostmanRuntime/7.1.1',
  'postman-token' => '95417a0c-699c-443c-acdf-ae013d295f83',
  'cache-control' => 'no-cache',
  'content-type' => 'application/x-www-form-urlencoded',
)
[ info ] [ PARAM ] array (
  'team_id' => '1',
)
[ info ] [ RUN ] app\api\controller\TeamMember->getList[ D:\ruanjiananzhuang\phpstudy\PHPTutorial\WWW\wow_game\application\api\traits\controller\Controller.php ]
[ info ] [ DB ] INIT mysql
[ info ] [ LOG ] INIT File
[ sql ] [ DB ] CONNECT:[ UseTime:0.002073s ] mysql:dbname=wow_game;host=127.0.0.1;charset=utf8
[ sql ] [ SQL ] SHOW COLUMNS FROM `wow_team_member` [ RunTime:0.021566s ]
[ sql ] [ SQL ] SELECT COUNT(*) AS tp_count FROM `wow_team_member` WHERE  `team_id` = 1 LIMIT 1 [ RunTime:0.000883s ]
[ sql ] [ SQL ] SELECT * FROM `wow_team_member` WHERE  `team_id` = 1 ORDER BY id desc LIMIT 0,20 [ RunTime:0.000257s ]

---------------------------------------------------------------
