[ 2020-03-31T14:16:51+08:00 ] 127.0.0.1 127.0.0.1 GET /index.php/admin
[ log ] wow_game.net/index.php/admin [运行时间：0.524030s][吞吐率：1.91req/s] [内存消耗：6,219.29kb] [文件加载：70]
[ info ] [ LANG ] E:\phpstudy\PHPTutorial\WWW\wow_game\thinkphp\lang\zh-cn.php
[ info ] [ ROUTE ] array (
  'type' => 'module',
  'module' => 
  array (
    0 => 'admin',
    1 => NULL,
    2 => NULL,
  ),
)
[ info ] [ HEADER ] array (
  'cookie' => 'PHPSESSID=0fevo0ji7j02lcnv63psdtisag',
  'accept-language' => 'zh-CN,zh;q=0.9',
  'accept-encoding' => 'gzip, deflate',
  'purpose' => 'prefetch',
  'accept' => 'text/html,application/xhtml+xml,application/xml;q=0.9,image/webp,image/apng,*/*;q=0.8,application/signed-exchange;v=b3',
  'user-agent' => 'Mozilla/5.0 (Windows NT 6.1; WOW64) AppleWebKit/537.36 (KHTML, like Gecko) Chrome/79.0.3928.4 Safari/537.36',
  'upgrade-insecure-requests' => '1',
  'connection' => 'close',
  'host' => 'wow_game.net',
)
[ info ] [ PARAM ] array (
)
[ info ] [ SESSION ] INIT array (
  'id' => '',
  'var_session_id' => '',
  'prefix' => 'think',
  'type' => '',
  'auto_start' => true,
)
[ info ] [ BEHAVIOR ] Run \app\common\behavior\WebLog @module_init [ RunTime:0.056003s ]
[ info ] [ RUN ] app\admin\controller\Index->index[ E:\phpstudy\PHPTutorial\WWW\wow_game\application\admin\controller\Index.php ]
[ info ] [ DB ] INIT mysql
[ info ] [ VIEW ] E:\phpstudy\PHPTutorial\WWW\wow_game\public/../application/admin\view\index\index.html [ array (
  0 => 'groups',
  1 => 'menu',
) ]
[ info ] [ RUN ] app\admin\widget\Index->menu[ E:\phpstudy\PHPTutorial\WWW\wow_game\application\admin\widget\Index.php ]
[ info ] [ RUN ] app\admin\widget\Index->menu[ E:\phpstudy\PHPTutorial\WWW\wow_game\application\admin\widget\Index.php ]
[ info ] [ RUN ] app\admin\widget\Index->menu[ E:\phpstudy\PHPTutorial\WWW\wow_game\application\admin\widget\Index.php ]
[ info ] [ RUN ] app\admin\widget\Index->menu[ E:\phpstudy\PHPTutorial\WWW\wow_game\application\admin\widget\Index.php ]
[ info ] [ RUN ] app\admin\widget\Index->menu[ E:\phpstudy\PHPTutorial\WWW\wow_game\application\admin\widget\Index.php ]
[ info ] [ RUN ] app\admin\widget\Index->menu[ E:\phpstudy\PHPTutorial\WWW\wow_game\application\admin\widget\Index.php ]
[ info ] [ RUN ] app\admin\widget\Index->menu[ E:\phpstudy\PHPTutorial\WWW\wow_game\application\admin\widget\Index.php ]
[ info ] [ RUN ] app\admin\widget\Index->menu[ E:\phpstudy\PHPTutorial\WWW\wow_game\application\admin\widget\Index.php ]
[ info ] [ RUN ] app\admin\widget\Index->menu[ E:\phpstudy\PHPTutorial\WWW\wow_game\application\admin\widget\Index.php ]
[ info ] [ RUN ] app\admin\widget\Index->menu[ E:\phpstudy\PHPTutorial\WWW\wow_game\application\admin\widget\Index.php ]
[ info ] [ RUN ] app\admin\widget\Index->menu[ E:\phpstudy\PHPTutorial\WWW\wow_game\application\admin\widget\Index.php ]
[ info ] [ RUN ] app\admin\widget\Index->menu[ E:\phpstudy\PHPTutorial\WWW\wow_game\application\admin\widget\Index.php ]
[ info ] [ RUN ] app\admin\widget\Index->menu[ E:\phpstudy\PHPTutorial\WWW\wow_game\application\admin\widget\Index.php ]
[ info ] [ RUN ] app\admin\widget\Index->menu[ E:\phpstudy\PHPTutorial\WWW\wow_game\application\admin\widget\Index.php ]
[ info ] [ RUN ] app\admin\widget\Index->menu[ E:\phpstudy\PHPTutorial\WWW\wow_game\application\admin\widget\Index.php ]
[ info ] [ RUN ] app\admin\widget\Index->menu[ E:\phpstudy\PHPTutorial\WWW\wow_game\application\admin\widget\Index.php ]
[ info ] [ RUN ] app\admin\widget\Index->menu[ E:\phpstudy\PHPTutorial\WWW\wow_game\application\admin\widget\Index.php ]
[ info ] [ RUN ] app\admin\widget\Index->menu[ E:\phpstudy\PHPTutorial\WWW\wow_game\application\admin\widget\Index.php ]
[ info ] [ RUN ] app\admin\widget\Index->menu[ E:\phpstudy\PHPTutorial\WWW\wow_game\application\admin\widget\Index.php ]
[ info ] [ RUN ] app\admin\widget\Index->menu[ E:\phpstudy\PHPTutorial\WWW\wow_game\application\admin\widget\Index.php ]
[ info ] [ RUN ] app\admin\widget\Index->menu[ E:\phpstudy\PHPTutorial\WWW\wow_game\application\admin\widget\Index.php ]
[ info ] [ RUN ] app\admin\widget\Index->menu[ E:\phpstudy\PHPTutorial\WWW\wow_game\application\admin\widget\Index.php ]
[ info ] [ RUN ] app\admin\widget\Index->menu[ E:\phpstudy\PHPTutorial\WWW\wow_game\application\admin\widget\Index.php ]
[ info ] [ RUN ] app\admin\widget\Index->menu[ E:\phpstudy\PHPTutorial\WWW\wow_game\application\admin\widget\Index.php ]
[ info ] [ RUN ] app\admin\widget\Index->menu[ E:\phpstudy\PHPTutorial\WWW\wow_game\application\admin\widget\Index.php ]
[ info ] [ RUN ] app\admin\widget\Index->menu[ E:\phpstudy\PHPTutorial\WWW\wow_game\application\admin\widget\Index.php ]
[ info ] [ RUN ] app\admin\widget\Index->menu[ E:\phpstudy\PHPTutorial\WWW\wow_game\application\admin\widget\Index.php ]
[ info ] [ RUN ] app\admin\widget\Index->menu[ E:\phpstudy\PHPTutorial\WWW\wow_game\application\admin\widget\Index.php ]
[ info ] [ RUN ] app\admin\widget\Index->menu[ E:\phpstudy\PHPTutorial\WWW\wow_game\application\admin\widget\Index.php ]
[ info ] [ RUN ] app\admin\widget\Index->menu[ E:\phpstudy\PHPTutorial\WWW\wow_game\application\admin\widget\Index.php ]
[ info ] [ RUN ] app\admin\widget\Index->menu[ E:\phpstudy\PHPTutorial\WWW\wow_game\application\admin\widget\Index.php ]
[ info ] [ RUN ] app\admin\widget\Index->menu[ E:\phpstudy\PHPTutorial\WWW\wow_game\application\admin\widget\Index.php ]
[ info ] [ RUN ] app\admin\widget\Index->menu[ E:\phpstudy\PHPTutorial\WWW\wow_game\application\admin\widget\Index.php ]
[ info ] [ RUN ] app\admin\widget\Index->menu[ E:\phpstudy\PHPTutorial\WWW\wow_game\application\admin\widget\Index.php ]
[ info ] [ RUN ] app\admin\widget\Index->menu[ E:\phpstudy\PHPTutorial\WWW\wow_game\application\admin\widget\Index.php ]
[ info ] [ RUN ] app\admin\widget\Index->menu[ E:\phpstudy\PHPTutorial\WWW\wow_game\application\admin\widget\Index.php ]
[ info ] [ RUN ] app\admin\widget\Index->menu[ E:\phpstudy\PHPTutorial\WWW\wow_game\application\admin\widget\Index.php ]
[ info ] [ BEHAVIOR ] Run \app\common\behavior\WebLog @app_end [ RunTime:0.064004s ]
[ info ] [ LOG ] INIT File
[ sql ] [ DB ] CONNECT:[ UseTime:0.185010s ] mysql:dbname=wow_game;host=127.0.0.1;charset=utf8
[ sql ] [ SQL ] SHOW COLUMNS FROM `wow_admin_node` [ RunTime:0.048003s ]
[ sql ] [ SQL ] SELECT `id`,`pid`,`name`,`group_id`,`title`,`type` FROM `wow_admin_node` WHERE  (  status=1 AND group_id > 0 ) ORDER BY sort ASC [ RunTime:0.002000s ]
[ sql ] [ SQL ] SHOW COLUMNS FROM `wow_admin_group` [ RunTime:0.057003s ]
[ sql ] [ SQL ] SELECT `id`,`name`,`icon` FROM `wow_admin_group` WHERE  `id` IN (2,1,4,6,7,3,5)  AND `status` = 1 ORDER BY sort asc,id asc [ RunTime:0.001000s ]
[ sql ] [ SQL ] SHOW COLUMNS FROM `wow_web_log_all` [ RunTime:0.047003s ]
[ sql ] [ SQL ] INSERT INTO `wow_web_log_all` (`uid` , `ip` , `location` , `os` , `browser` , `url` , `module` , `controller` , `action` , `method` , `data` , `create_at`) VALUES (1 , '127.0.0.1' , '本机地址 本机地址  ' , 'Windows 7' , 'Chrome(79.0.3928.4)' , 'http://wow_game.net/index.php/admin' , 'admin' , 'Index' , 'index' , 'GET' , 'a:0:{}' , 1585635411) [ RunTime:0.016001s ]

---------------------------------------------------------------
[ 2020-03-31T14:17:17+08:00 ] 127.0.0.1 127.0.0.1 GET /index.php/api/jsapi_pay_log/pay
[ log ] wow_game.net/index.php/api/jsapi_pay_log/pay [运行时间：0.067004s][吞吐率：14.92req/s] [内存消耗：1,143.32kb] [文件加载：43]
[ info ] [ LANG ] E:\phpstudy\PHPTutorial\WWW\wow_game\thinkphp\lang\zh-cn.php
[ info ] [ ROUTE ] array (
  'type' => 'module',
  'module' => 
  array (
    0 => 'api',
    1 => 'jsapi_pay_log',
    2 => 'pay',
  ),
)
[ info ] [ HEADER ] array (
  'cookie' => 'PHPSESSID=0fevo0ji7j02lcnv63psdtisag',
  'accept-language' => 'zh-CN,zh;q=0.9',
  'accept-encoding' => 'gzip, deflate',
  'accept' => 'text/html,application/xhtml+xml,application/xml;q=0.9,image/webp,image/apng,*/*;q=0.8,application/signed-exchange;v=b3',
  'user-agent' => 'Mozilla/5.0 (Windows NT 6.1; WOW64) AppleWebKit/537.36 (KHTML, like Gecko) Chrome/79.0.3928.4 Safari/537.36',
  'upgrade-insecure-requests' => '1',
  'connection' => 'close',
  'host' => 'wow_game.net',
)
[ info ] [ PARAM ] array (
)
[ info ] [ RUN ] app\api\controller\JsapiPayLog->pay[ E:\phpstudy\PHPTutorial\WWW\wow_game\application\api\controller\JsapiPayLog.php ]
[ info ] [ LOG ] INIT File

---------------------------------------------------------------
[ 2020-03-31T14:17:46+08:00 ] 127.0.0.1 127.0.0.1 GET /index.php/api/jsapi_pay_log/pay
[ log ] wow_game.net/index.php/api/jsapi_pay_log/pay [运行时间：0.064004s][吞吐率：15.62req/s] [内存消耗：1,144.03kb] [文件加载：43]
[ info ] [ LANG ] E:\phpstudy\PHPTutorial\WWW\wow_game\thinkphp\lang\zh-cn.php
[ info ] [ ROUTE ] array (
  'type' => 'module',
  'module' => 
  array (
    0 => 'api',
    1 => 'jsapi_pay_log',
    2 => 'pay',
  ),
)
[ info ] [ HEADER ] array (
  'cookie' => 'PHPSESSID=0fevo0ji7j02lcnv63psdtisag',
  'accept-language' => 'zh-CN,zh;q=0.9',
  'accept-encoding' => 'gzip, deflate',
  'accept' => 'text/html,application/xhtml+xml,application/xml;q=0.9,image/webp,image/apng,*/*;q=0.8,application/signed-exchange;v=b3',
  'user-agent' => 'Mozilla/5.0 (Windows NT 6.1; WOW64) AppleWebKit/537.36 (KHTML, like Gecko) Chrome/79.0.3928.4 Safari/537.36',
  'upgrade-insecure-requests' => '1',
  'cache-control' => 'max-age=0',
  'connection' => 'close',
  'host' => 'wow_game.net',
)
[ info ] [ PARAM ] array (
)
[ info ] [ RUN ] app\api\controller\JsapiPayLog->pay[ E:\phpstudy\PHPTutorial\WWW\wow_game\application\api\controller\JsapiPayLog.php ]
[ info ] [ LOG ] INIT File

---------------------------------------------------------------
[ 2020-03-31T14:17:56+08:00 ] 127.0.0.1 127.0.0.1 GET /index.php/api/jsapi_pay_log/pay
[ log ] wow_game.net/index.php/api/jsapi_pay_log/pay [运行时间：0.055003s][吞吐率：18.18req/s] [内存消耗：1,144.11kb] [文件加载：43]
[ info ] [ LANG ] E:\phpstudy\PHPTutorial\WWW\wow_game\thinkphp\lang\zh-cn.php
[ info ] [ ROUTE ] array (
  'type' => 'module',
  'module' => 
  array (
    0 => 'api',
    1 => 'jsapi_pay_log',
    2 => 'pay',
  ),
)
[ info ] [ HEADER ] array (
  'cookie' => 'PHPSESSID=0fevo0ji7j02lcnv63psdtisag',
  'accept-language' => 'zh-CN,zh;q=0.9',
  'accept-encoding' => 'gzip, deflate',
  'accept' => 'text/html,application/xhtml+xml,application/xml;q=0.9,image/webp,image/apng,*/*;q=0.8,application/signed-exchange;v=b3',
  'user-agent' => 'Mozilla/5.0 (Windows NT 6.1; WOW64) AppleWebKit/537.36 (KHTML, like Gecko) Chrome/79.0.3928.4 Safari/537.36',
  'upgrade-insecure-requests' => '1',
  'cache-control' => 'max-age=0',
  'connection' => 'close',
  'host' => 'wow_game.net',
)
[ info ] [ PARAM ] array (
)
[ info ] [ RUN ] app\api\controller\JsapiPayLog->pay[ E:\phpstudy\PHPTutorial\WWW\wow_game\application\api\controller\JsapiPayLog.php ]
[ info ] [ LOG ] INIT File

---------------------------------------------------------------
[ 2020-03-31T14:18:07+08:00 ] 127.0.0.1 127.0.0.1 GET /index.php/api/jsapi_pay_log/pay
[ log ] wow_game.net/index.php/api/jsapi_pay_log/pay [运行时间：0.075004s][吞吐率：13.33req/s] [内存消耗：1,232.80kb] [文件加载：49]
[ info ] [ LANG ] E:\phpstudy\PHPTutorial\WWW\wow_game\thinkphp\lang\zh-cn.php
[ info ] [ ROUTE ] array (
  'type' => 'module',
  'module' => 
  array (
    0 => 'api',
    1 => 'jsapi_pay_log',
    2 => 'pay',
  ),
)
[ info ] [ HEADER ] array (
  'cookie' => 'PHPSESSID=0fevo0ji7j02lcnv63psdtisag',
  'accept-language' => 'zh-CN,zh;q=0.9',
  'accept-encoding' => 'gzip, deflate',
  'accept' => 'text/html,application/xhtml+xml,application/xml;q=0.9,image/webp,image/apng,*/*;q=0.8,application/signed-exchange;v=b3',
  'user-agent' => 'Mozilla/5.0 (Windows NT 6.1; WOW64) AppleWebKit/537.36 (KHTML, like Gecko) Chrome/79.0.3928.4 Safari/537.36',
  'upgrade-insecure-requests' => '1',
  'cache-control' => 'max-age=0',
  'connection' => 'close',
  'host' => 'wow_game.net',
)
[ info ] [ PARAM ] array (
)
[ info ] [ RUN ] app\api\controller\JsapiPayLog->pay[ E:\phpstudy\PHPTutorial\WWW\wow_game\application\api\controller\JsapiPayLog.php ]
[ info ] [ LOG ] INIT File
[ error ] [2]dirname() expects at least 1 parameter, 0 given[E:\phpstudy\PHPTutorial\WWW\wow_game\application\api\controller\JsapiPayLog.php:19]

---------------------------------------------------------------
[ 2020-03-31T14:18:39+08:00 ] 127.0.0.1 127.0.0.1 GET /index.php/api/jsapi_pay_log/pay
[ log ] wow_game.net/index.php/api/jsapi_pay_log/pay [运行时间：0.061003s][吞吐率：16.39req/s] [内存消耗：1,143.98kb] [文件加载：43]
[ info ] [ LANG ] E:\phpstudy\PHPTutorial\WWW\wow_game\thinkphp\lang\zh-cn.php
[ info ] [ ROUTE ] array (
  'type' => 'module',
  'module' => 
  array (
    0 => 'api',
    1 => 'jsapi_pay_log',
    2 => 'pay',
  ),
)
[ info ] [ HEADER ] array (
  'cookie' => 'PHPSESSID=0fevo0ji7j02lcnv63psdtisag',
  'accept-language' => 'zh-CN,zh;q=0.9',
  'accept-encoding' => 'gzip, deflate',
  'accept' => 'text/html,application/xhtml+xml,application/xml;q=0.9,image/webp,image/apng,*/*;q=0.8,application/signed-exchange;v=b3',
  'user-agent' => 'Mozilla/5.0 (Windows NT 6.1; WOW64) AppleWebKit/537.36 (KHTML, like Gecko) Chrome/79.0.3928.4 Safari/537.36',
  'upgrade-insecure-requests' => '1',
  'cache-control' => 'max-age=0',
  'connection' => 'close',
  'host' => 'wow_game.net',
)
[ info ] [ PARAM ] array (
)
[ info ] [ RUN ] app\api\controller\JsapiPayLog->pay[ E:\phpstudy\PHPTutorial\WWW\wow_game\application\api\controller\JsapiPayLog.php ]
[ info ] [ LOG ] INIT File

---------------------------------------------------------------
[ 2020-03-31T14:20:16+08:00 ] 127.0.0.1 127.0.0.1 GET /index.php/api/jsapi_pay_log/pay
[ log ] wow_game.net/index.php/api/jsapi_pay_log/pay [运行时间：0.080004s][吞吐率：12.50req/s] [内存消耗：1,144.34kb] [文件加载：43]
[ info ] [ LANG ] E:\phpstudy\PHPTutorial\WWW\wow_game\thinkphp\lang\zh-cn.php
[ info ] [ ROUTE ] array (
  'type' => 'module',
  'module' => 
  array (
    0 => 'api',
    1 => 'jsapi_pay_log',
    2 => 'pay',
  ),
)
[ info ] [ HEADER ] array (
  'cookie' => 'PHPSESSID=0fevo0ji7j02lcnv63psdtisag',
  'accept-language' => 'zh-CN,zh;q=0.9',
  'accept-encoding' => 'gzip, deflate',
  'accept' => 'text/html,application/xhtml+xml,application/xml;q=0.9,image/webp,image/apng,*/*;q=0.8,application/signed-exchange;v=b3',
  'user-agent' => 'Mozilla/5.0 (Windows NT 6.1; WOW64) AppleWebKit/537.36 (KHTML, like Gecko) Chrome/79.0.3928.4 Safari/537.36',
  'upgrade-insecure-requests' => '1',
  'cache-control' => 'max-age=0',
  'connection' => 'close',
  'host' => 'wow_game.net',
)
[ info ] [ PARAM ] array (
)
[ info ] [ RUN ] app\api\controller\JsapiPayLog->pay[ E:\phpstudy\PHPTutorial\WWW\wow_game\application\api\controller\JsapiPayLog.php ]
[ info ] [ LOG ] INIT File

---------------------------------------------------------------
[ 2020-03-31T14:22:51+08:00 ] 127.0.0.1 127.0.0.1 GET /index.php/api/jsapi_pay_log/pay
[ log ] wow_game.net/index.php/api/jsapi_pay_log/pay [运行时间：0.070004s][吞吐率：14.28req/s] [内存消耗：1,145.32kb] [文件加载：43]
[ info ] [ LANG ] E:\phpstudy\PHPTutorial\WWW\wow_game\thinkphp\lang\zh-cn.php
[ info ] [ ROUTE ] array (
  'type' => 'module',
  'module' => 
  array (
    0 => 'api',
    1 => 'jsapi_pay_log',
    2 => 'pay',
  ),
)
[ info ] [ HEADER ] array (
  'cookie' => 'PHPSESSID=0fevo0ji7j02lcnv63psdtisag',
  'accept-language' => 'zh-CN,zh;q=0.9',
  'accept-encoding' => 'gzip, deflate',
  'accept' => 'text/html,application/xhtml+xml,application/xml;q=0.9,image/webp,image/apng,*/*;q=0.8,application/signed-exchange;v=b3',
  'user-agent' => 'Mozilla/5.0 (Windows NT 6.1; WOW64) AppleWebKit/537.36 (KHTML, like Gecko) Chrome/79.0.3928.4 Safari/537.36',
  'upgrade-insecure-requests' => '1',
  'cache-control' => 'max-age=0',
  'connection' => 'close',
  'host' => 'wow_game.net',
)
[ info ] [ PARAM ] array (
)
[ info ] [ RUN ] app\api\controller\JsapiPayLog->pay[ E:\phpstudy\PHPTutorial\WWW\wow_game\application\api\controller\JsapiPayLog.php ]
[ info ] [ LOG ] INIT File

---------------------------------------------------------------
[ 2020-03-31T14:23:06+08:00 ] 127.0.0.1 127.0.0.1 GET /index.php/api/jsapi_pay_log/pay
[ log ] wow_game.net/index.php/api/jsapi_pay_log/pay [运行时间：0.071004s][吞吐率：14.08req/s] [内存消耗：1,196.53kb] [文件加载：45]
[ info ] [ LANG ] E:\phpstudy\PHPTutorial\WWW\wow_game\thinkphp\lang\zh-cn.php
[ info ] [ ROUTE ] array (
  'type' => 'module',
  'module' => 
  array (
    0 => 'api',
    1 => 'jsapi_pay_log',
    2 => 'pay',
  ),
)
[ info ] [ HEADER ] array (
  'cookie' => 'PHPSESSID=0fevo0ji7j02lcnv63psdtisag',
  'accept-language' => 'zh-CN,zh;q=0.9',
  'accept-encoding' => 'gzip, deflate',
  'accept' => 'text/html,application/xhtml+xml,application/xml;q=0.9,image/webp,image/apng,*/*;q=0.8,application/signed-exchange;v=b3',
  'user-agent' => 'Mozilla/5.0 (Windows NT 6.1; WOW64) AppleWebKit/537.36 (KHTML, like Gecko) Chrome/79.0.3928.4 Safari/537.36',
  'upgrade-insecure-requests' => '1',
  'cache-control' => 'max-age=0',
  'connection' => 'close',
  'host' => 'wow_game.net',
)
[ info ] [ PARAM ] array (
)
[ info ] [ RUN ] app\api\controller\JsapiPayLog->pay[ E:\phpstudy\PHPTutorial\WWW\wow_game\application\api\controller\JsapiPayLog.php ]
[ info ] [ LOG ] INIT File

---------------------------------------------------------------
[ 2020-03-31T14:23:25+08:00 ] 127.0.0.1 127.0.0.1 GET /index.php/api/jsapi_pay_log/pay
[ log ] wow_game.net/index.php/api/jsapi_pay_log/pay [运行时间：0.067004s][吞吐率：14.92req/s] [内存消耗：1,243.30kb] [文件加载：49]
[ info ] [ LANG ] E:\phpstudy\PHPTutorial\WWW\wow_game\thinkphp\lang\zh-cn.php
[ info ] [ ROUTE ] array (
  'type' => 'module',
  'module' => 
  array (
    0 => 'api',
    1 => 'jsapi_pay_log',
    2 => 'pay',
  ),
)
[ info ] [ HEADER ] array (
  'cookie' => 'PHPSESSID=0fevo0ji7j02lcnv63psdtisag',
  'accept-language' => 'zh-CN,zh;q=0.9',
  'accept-encoding' => 'gzip, deflate',
  'accept' => 'text/html,application/xhtml+xml,application/xml;q=0.9,image/webp,image/apng,*/*;q=0.8,application/signed-exchange;v=b3',
  'user-agent' => 'Mozilla/5.0 (Windows NT 6.1; WOW64) AppleWebKit/537.36 (KHTML, like Gecko) Chrome/79.0.3928.4 Safari/537.36',
  'upgrade-insecure-requests' => '1',
  'cache-control' => 'max-age=0',
  'connection' => 'close',
  'host' => 'wow_game.net',
)
[ info ] [ PARAM ] array (
)
[ info ] [ RUN ] app\api\controller\JsapiPayLog->pay[ E:\phpstudy\PHPTutorial\WWW\wow_game\application\api\controller\JsapiPayLog.php ]
[ info ] [ LOG ] INIT File
[ error ] [64]app\api\controller\JsapiPayLog::pay(): Failed opening required 'E:\phpstudy\PHPTutorial\WWW\wow_game\application\extend\php_sdk_v3.0.10\example\index.php' (include_path='.;C:\php\pear')[E:\phpstudy\PHPTutorial\WWW\wow_game\application\api\controller\JsapiPayLog.php:20]

---------------------------------------------------------------
[ 2020-03-31T14:23:51+08:00 ] 127.0.0.1 127.0.0.1 GET /index.php/api/jsapi_pay_log/pay
[ log ] wow_game.net/index.php/api/jsapi_pay_log/pay [运行时间：0.072004s][吞吐率：13.89req/s] [内存消耗：1,243.30kb] [文件加载：49]
[ info ] [ LANG ] E:\phpstudy\PHPTutorial\WWW\wow_game\thinkphp\lang\zh-cn.php
[ info ] [ ROUTE ] array (
  'type' => 'module',
  'module' => 
  array (
    0 => 'api',
    1 => 'jsapi_pay_log',
    2 => 'pay',
  ),
)
[ info ] [ HEADER ] array (
  'cookie' => 'PHPSESSID=0fevo0ji7j02lcnv63psdtisag',
  'accept-language' => 'zh-CN,zh;q=0.9',
  'accept-encoding' => 'gzip, deflate',
  'accept' => 'text/html,application/xhtml+xml,application/xml;q=0.9,image/webp,image/apng,*/*;q=0.8,application/signed-exchange;v=b3',
  'user-agent' => 'Mozilla/5.0 (Windows NT 6.1; WOW64) AppleWebKit/537.36 (KHTML, like Gecko) Chrome/79.0.3928.4 Safari/537.36',
  'upgrade-insecure-requests' => '1',
  'cache-control' => 'max-age=0',
  'connection' => 'close',
  'host' => 'wow_game.net',
)
[ info ] [ PARAM ] array (
)
[ info ] [ RUN ] app\api\controller\JsapiPayLog->pay[ E:\phpstudy\PHPTutorial\WWW\wow_game\application\api\controller\JsapiPayLog.php ]
[ info ] [ LOG ] INIT File
[ error ] [64]app\api\controller\JsapiPayLog::pay(): Failed opening required 'E:\phpstudy\PHPTutorial\WWW\wow_game\application\extend\php_sdk_v3.0.10\example\index.php' (include_path='.;C:\php\pear')[E:\phpstudy\PHPTutorial\WWW\wow_game\application\api\controller\JsapiPayLog.php:20]

---------------------------------------------------------------
[ 2020-03-31T14:23:51+08:00 ] 127.0.0.1 127.0.0.1 GET /index.php/api/jsapi_pay_log/pay
[ log ] wow_game.net/index.php/api/jsapi_pay_log/pay [运行时间：0.061004s][吞吐率：16.39req/s] [内存消耗：1,243.30kb] [文件加载：49]
[ info ] [ LANG ] E:\phpstudy\PHPTutorial\WWW\wow_game\thinkphp\lang\zh-cn.php
[ info ] [ ROUTE ] array (
  'type' => 'module',
  'module' => 
  array (
    0 => 'api',
    1 => 'jsapi_pay_log',
    2 => 'pay',
  ),
)
[ info ] [ HEADER ] array (
  'cookie' => 'PHPSESSID=0fevo0ji7j02lcnv63psdtisag',
  'accept-language' => 'zh-CN,zh;q=0.9',
  'accept-encoding' => 'gzip, deflate',
  'accept' => 'text/html,application/xhtml+xml,application/xml;q=0.9,image/webp,image/apng,*/*;q=0.8,application/signed-exchange;v=b3',
  'user-agent' => 'Mozilla/5.0 (Windows NT 6.1; WOW64) AppleWebKit/537.36 (KHTML, like Gecko) Chrome/79.0.3928.4 Safari/537.36',
  'upgrade-insecure-requests' => '1',
  'cache-control' => 'max-age=0',
  'connection' => 'close',
  'host' => 'wow_game.net',
)
[ info ] [ PARAM ] array (
)
[ info ] [ RUN ] app\api\controller\JsapiPayLog->pay[ E:\phpstudy\PHPTutorial\WWW\wow_game\application\api\controller\JsapiPayLog.php ]
[ info ] [ LOG ] INIT File
[ error ] [64]app\api\controller\JsapiPayLog::pay(): Failed opening required 'E:\phpstudy\PHPTutorial\WWW\wow_game\application\extend\php_sdk_v3.0.10\example\index.php' (include_path='.;C:\php\pear')[E:\phpstudy\PHPTutorial\WWW\wow_game\application\api\controller\JsapiPayLog.php:20]

---------------------------------------------------------------
[ 2020-03-31T14:23:51+08:00 ] 127.0.0.1 127.0.0.1 GET /index.php/api/jsapi_pay_log/pay
[ log ] wow_game.net/index.php/api/jsapi_pay_log/pay [运行时间：0.065004s][吞吐率：15.38req/s] [内存消耗：1,243.30kb] [文件加载：49]
[ info ] [ LANG ] E:\phpstudy\PHPTutorial\WWW\wow_game\thinkphp\lang\zh-cn.php
[ info ] [ ROUTE ] array (
  'type' => 'module',
  'module' => 
  array (
    0 => 'api',
    1 => 'jsapi_pay_log',
    2 => 'pay',
  ),
)
[ info ] [ HEADER ] array (
  'cookie' => 'PHPSESSID=0fevo0ji7j02lcnv63psdtisag',
  'accept-language' => 'zh-CN,zh;q=0.9',
  'accept-encoding' => 'gzip, deflate',
  'accept' => 'text/html,application/xhtml+xml,application/xml;q=0.9,image/webp,image/apng,*/*;q=0.8,application/signed-exchange;v=b3',
  'user-agent' => 'Mozilla/5.0 (Windows NT 6.1; WOW64) AppleWebKit/537.36 (KHTML, like Gecko) Chrome/79.0.3928.4 Safari/537.36',
  'upgrade-insecure-requests' => '1',
  'cache-control' => 'max-age=0',
  'connection' => 'close',
  'host' => 'wow_game.net',
)
[ info ] [ PARAM ] array (
)
[ info ] [ RUN ] app\api\controller\JsapiPayLog->pay[ E:\phpstudy\PHPTutorial\WWW\wow_game\application\api\controller\JsapiPayLog.php ]
[ info ] [ LOG ] INIT File
[ error ] [64]app\api\controller\JsapiPayLog::pay(): Failed opening required 'E:\phpstudy\PHPTutorial\WWW\wow_game\application\extend\php_sdk_v3.0.10\example\index.php' (include_path='.;C:\php\pear')[E:\phpstudy\PHPTutorial\WWW\wow_game\application\api\controller\JsapiPayLog.php:20]

---------------------------------------------------------------
[ 2020-03-31T14:25:17+08:00 ] 127.0.0.1 127.0.0.1 GET /index.php/api/jsapi_pay_log/pay
[ log ] wow_game.net/index.php/api/jsapi_pay_log/pay [运行时间：0.067004s][吞吐率：14.92req/s] [内存消耗：1,145.52kb] [文件加载：43]
[ info ] [ LANG ] E:\phpstudy\PHPTutorial\WWW\wow_game\thinkphp\lang\zh-cn.php
[ info ] [ ROUTE ] array (
  'type' => 'module',
  'module' => 
  array (
    0 => 'api',
    1 => 'jsapi_pay_log',
    2 => 'pay',
  ),
)
[ info ] [ HEADER ] array (
  'cookie' => 'PHPSESSID=0fevo0ji7j02lcnv63psdtisag',
  'accept-language' => 'zh-CN,zh;q=0.9',
  'accept-encoding' => 'gzip, deflate',
  'accept' => 'text/html,application/xhtml+xml,application/xml;q=0.9,image/webp,image/apng,*/*;q=0.8,application/signed-exchange;v=b3',
  'user-agent' => 'Mozilla/5.0 (Windows NT 6.1; WOW64) AppleWebKit/537.36 (KHTML, like Gecko) Chrome/79.0.3928.4 Safari/537.36',
  'upgrade-insecure-requests' => '1',
  'cache-control' => 'max-age=0',
  'connection' => 'close',
  'host' => 'wow_game.net',
)
[ info ] [ PARAM ] array (
)
[ info ] [ RUN ] app\api\controller\JsapiPayLog->pay[ E:\phpstudy\PHPTutorial\WWW\wow_game\application\api\controller\JsapiPayLog.php ]
[ info ] [ LOG ] INIT File

---------------------------------------------------------------
[ 2020-03-31T14:25:25+08:00 ] 127.0.0.1 127.0.0.1 GET /index.php/api/jsapi_pay_log/pay
[ log ] wow_game.net/index.php/api/jsapi_pay_log/pay [运行时间：0.060003s][吞吐率：16.67req/s] [内存消耗：1,145.64kb] [文件加载：43]
[ info ] [ LANG ] E:\phpstudy\PHPTutorial\WWW\wow_game\thinkphp\lang\zh-cn.php
[ info ] [ ROUTE ] array (
  'type' => 'module',
  'module' => 
  array (
    0 => 'api',
    1 => 'jsapi_pay_log',
    2 => 'pay',
  ),
)
[ info ] [ HEADER ] array (
  'cookie' => 'PHPSESSID=0fevo0ji7j02lcnv63psdtisag',
  'accept-language' => 'zh-CN,zh;q=0.9',
  'accept-encoding' => 'gzip, deflate',
  'accept' => 'text/html,application/xhtml+xml,application/xml;q=0.9,image/webp,image/apng,*/*;q=0.8,application/signed-exchange;v=b3',
  'user-agent' => 'Mozilla/5.0 (Windows NT 6.1; WOW64) AppleWebKit/537.36 (KHTML, like Gecko) Chrome/79.0.3928.4 Safari/537.36',
  'upgrade-insecure-requests' => '1',
  'cache-control' => 'max-age=0',
  'connection' => 'close',
  'host' => 'wow_game.net',
)
[ info ] [ PARAM ] array (
)
[ info ] [ RUN ] app\api\controller\JsapiPayLog->pay[ E:\phpstudy\PHPTutorial\WWW\wow_game\application\api\controller\JsapiPayLog.php ]
[ info ] [ LOG ] INIT File

---------------------------------------------------------------
[ 2020-03-31T14:25:53+08:00 ] 127.0.0.1 127.0.0.1 GET /index.php/api/jsapi_pay_log/pay
[ log ] wow_game.net/index.php/api/jsapi_pay_log/pay [运行时间：0.064004s][吞吐率：15.62req/s] [内存消耗：1,145.46kb] [文件加载：43]
[ info ] [ LANG ] E:\phpstudy\PHPTutorial\WWW\wow_game\thinkphp\lang\zh-cn.php
[ info ] [ ROUTE ] array (
  'type' => 'module',
  'module' => 
  array (
    0 => 'api',
    1 => 'jsapi_pay_log',
    2 => 'pay',
  ),
)
[ info ] [ HEADER ] array (
  'cookie' => 'PHPSESSID=0fevo0ji7j02lcnv63psdtisag',
  'accept-language' => 'zh-CN,zh;q=0.9',
  'accept-encoding' => 'gzip, deflate',
  'accept' => 'text/html,application/xhtml+xml,application/xml;q=0.9,image/webp,image/apng,*/*;q=0.8,application/signed-exchange;v=b3',
  'user-agent' => 'Mozilla/5.0 (Windows NT 6.1; WOW64) AppleWebKit/537.36 (KHTML, like Gecko) Chrome/79.0.3928.4 Safari/537.36',
  'upgrade-insecure-requests' => '1',
  'cache-control' => 'max-age=0',
  'connection' => 'close',
  'host' => 'wow_game.net',
)
[ info ] [ PARAM ] array (
)
[ info ] [ RUN ] app\api\controller\JsapiPayLog->pay[ E:\phpstudy\PHPTutorial\WWW\wow_game\application\api\controller\JsapiPayLog.php ]
[ info ] [ LOG ] INIT File

---------------------------------------------------------------
[ 2020-03-31T14:26:15+08:00 ] 127.0.0.1 127.0.0.1 GET /index.php/api/jsapi_pay_log/pay
[ log ] wow_game.net/index.php/api/jsapi_pay_log/pay [运行时间：0.069004s][吞吐率：14.49req/s] [内存消耗：1,196.37kb] [文件加载：45]
[ info ] [ LANG ] E:\phpstudy\PHPTutorial\WWW\wow_game\thinkphp\lang\zh-cn.php
[ info ] [ ROUTE ] array (
  'type' => 'module',
  'module' => 
  array (
    0 => 'api',
    1 => 'jsapi_pay_log',
    2 => 'pay',
  ),
)
[ info ] [ HEADER ] array (
  'cookie' => 'PHPSESSID=0fevo0ji7j02lcnv63psdtisag',
  'accept-language' => 'zh-CN,zh;q=0.9',
  'accept-encoding' => 'gzip, deflate',
  'accept' => 'text/html,application/xhtml+xml,application/xml;q=0.9,image/webp,image/apng,*/*;q=0.8,application/signed-exchange;v=b3',
  'user-agent' => 'Mozilla/5.0 (Windows NT 6.1; WOW64) AppleWebKit/537.36 (KHTML, like Gecko) Chrome/79.0.3928.4 Safari/537.36',
  'upgrade-insecure-requests' => '1',
  'cache-control' => 'max-age=0',
  'connection' => 'close',
  'host' => 'wow_game.net',
)
[ info ] [ PARAM ] array (
)
[ info ] [ RUN ] app\api\controller\JsapiPayLog->pay[ E:\phpstudy\PHPTutorial\WWW\wow_game\application\api\controller\JsapiPayLog.php ]
[ info ] [ LOG ] INIT File

---------------------------------------------------------------
[ 2020-03-31T14:26:32+08:00 ] 127.0.0.1 127.0.0.1 GET /index.php/api/jsapi_pay_log/pay
[ log ] wow_game.net/index.php/api/jsapi_pay_log/pay [运行时间：0.066004s][吞吐率：15.15req/s] [内存消耗：1,147.44kb] [文件加载：44]
[ info ] [ LANG ] E:\phpstudy\PHPTutorial\WWW\wow_game\thinkphp\lang\zh-cn.php
[ info ] [ ROUTE ] array (
  'type' => 'module',
  'module' => 
  array (
    0 => 'api',
    1 => 'jsapi_pay_log',
    2 => 'pay',
  ),
)
[ info ] [ HEADER ] array (
  'cookie' => 'PHPSESSID=0fevo0ji7j02lcnv63psdtisag',
  'accept-language' => 'zh-CN,zh;q=0.9',
  'accept-encoding' => 'gzip, deflate',
  'accept' => 'text/html,application/xhtml+xml,application/xml;q=0.9,image/webp,image/apng,*/*;q=0.8,application/signed-exchange;v=b3',
  'user-agent' => 'Mozilla/5.0 (Windows NT 6.1; WOW64) AppleWebKit/537.36 (KHTML, like Gecko) Chrome/79.0.3928.4 Safari/537.36',
  'upgrade-insecure-requests' => '1',
  'cache-control' => 'max-age=0',
  'connection' => 'close',
  'host' => 'wow_game.net',
)
[ info ] [ PARAM ] array (
)
[ info ] [ RUN ] app\api\controller\JsapiPayLog->pay[ E:\phpstudy\PHPTutorial\WWW\wow_game\application\api\controller\JsapiPayLog.php ]
[ info ] [ LOG ] INIT File

---------------------------------------------------------------
[ 2020-03-31T14:26:37+08:00 ] 127.0.0.1 127.0.0.1 GET /index.php/api/jsapi_pay_log/pay
[ log ] wow_game.net/index.php/api/jsapi_pay_log/pay [运行时间：0.064003s][吞吐率：15.62req/s] [内存消耗：1,198.96kb] [文件加载：46]
[ info ] [ LANG ] E:\phpstudy\PHPTutorial\WWW\wow_game\thinkphp\lang\zh-cn.php
[ info ] [ ROUTE ] array (
  'type' => 'module',
  'module' => 
  array (
    0 => 'api',
    1 => 'jsapi_pay_log',
    2 => 'pay',
  ),
)
[ info ] [ HEADER ] array (
  'cookie' => 'PHPSESSID=0fevo0ji7j02lcnv63psdtisag',
  'accept-language' => 'zh-CN,zh;q=0.9',
  'accept-encoding' => 'gzip, deflate',
  'accept' => 'text/html,application/xhtml+xml,application/xml;q=0.9,image/webp,image/apng,*/*;q=0.8,application/signed-exchange;v=b3',
  'user-agent' => 'Mozilla/5.0 (Windows NT 6.1; WOW64) AppleWebKit/537.36 (KHTML, like Gecko) Chrome/79.0.3928.4 Safari/537.36',
  'upgrade-insecure-requests' => '1',
  'cache-control' => 'max-age=0',
  'connection' => 'close',
  'host' => 'wow_game.net',
)
[ info ] [ PARAM ] array (
)
[ info ] [ RUN ] app\api\controller\JsapiPayLog->pay[ E:\phpstudy\PHPTutorial\WWW\wow_game\application\api\controller\JsapiPayLog.php ]
[ info ] [ LOG ] INIT File

---------------------------------------------------------------
[ 2020-03-31T14:26:39+08:00 ] 127.0.0.1 127.0.0.1 GET /index.php/api/jsapi_pay_log/jsapi.php
[ log ] wow_game.net/index.php/api/jsapi_pay_log/jsapi.php [运行时间：0.066004s][吞吐率：15.15req/s] [内存消耗：1,230.05kb] [文件加载：48]
[ info ] [ LANG ] E:\phpstudy\PHPTutorial\WWW\wow_game\thinkphp\lang\zh-cn.php
[ info ] [ ROUTE ] array (
  'type' => 'module',
  'module' => 
  array (
    0 => 'api',
    1 => 'jsapi_pay_log',
    2 => 'jsapi',
  ),
)
[ info ] [ HEADER ] array (
  'cookie' => 'PHPSESSID=0fevo0ji7j02lcnv63psdtisag',
  'accept-language' => 'zh-CN,zh;q=0.9',
  'accept-encoding' => 'gzip, deflate',
  'referer' => 'http://wow_game.net/index.php/api/jsapi_pay_log/pay',
  'accept' => 'text/html,application/xhtml+xml,application/xml;q=0.9,image/webp,image/apng,*/*;q=0.8,application/signed-exchange;v=b3',
  'user-agent' => 'Mozilla/5.0 (Windows NT 6.1; WOW64) AppleWebKit/537.36 (KHTML, like Gecko) Chrome/79.0.3928.4 Safari/537.36',
  'upgrade-insecure-requests' => '1',
  'connection' => 'close',
  'host' => 'wow_game.net',
)
[ info ] [ PARAM ] array (
)
[ info ] [ LOG ] INIT File

---------------------------------------------------------------
[ 2020-03-31T14:26:50+08:00 ] 127.0.0.1 127.0.0.1 GET /index.php/api/jsapi_pay_log/jsapi.php
[ log ] wow_game.net/index.php/api/jsapi_pay_log/jsapi.php [运行时间：0.060004s][吞吐率：16.67req/s] [内存消耗：1,230.05kb] [文件加载：48]
[ info ] [ LANG ] E:\phpstudy\PHPTutorial\WWW\wow_game\thinkphp\lang\zh-cn.php
[ info ] [ ROUTE ] array (
  'type' => 'module',
  'module' => 
  array (
    0 => 'api',
    1 => 'jsapi_pay_log',
    2 => 'jsapi',
  ),
)
[ info ] [ HEADER ] array (
  'cookie' => 'PHPSESSID=0fevo0ji7j02lcnv63psdtisag',
  'accept-language' => 'zh-CN,zh;q=0.9',
  'accept-encoding' => 'gzip, deflate',
  'referer' => 'http://wow_game.net/index.php/api/jsapi_pay_log/pay',
  'accept' => 'text/html,application/xhtml+xml,application/xml;q=0.9,image/webp,image/apng,*/*;q=0.8,application/signed-exchange;v=b3',
  'user-agent' => 'Mozilla/5.0 (Windows NT 6.1; WOW64) AppleWebKit/537.36 (KHTML, like Gecko) Chrome/79.0.3928.4 Safari/537.36',
  'upgrade-insecure-requests' => '1',
  'connection' => 'close',
  'host' => 'wow_game.net',
)
[ info ] [ PARAM ] array (
)
[ info ] [ LOG ] INIT File

---------------------------------------------------------------
